<?xml version="1.0" encoding="utf-8" standalone="no"?>
<test-results xmlns:xsi="http://www.w3.org/2001/XMLSchema-instance" xsi:noNamespaceSchemaLocation="nunit_schema_2.5.xsd" name="Pester" total="820" errors="0" failures="0" not-run="0" inconclusive="0" ignored="0" skipped="0" invalid="0" date="2023-02-07" time="07:21:05">
  <environment nunit-version="2.5.8.0" machine-name="fv-az553-940" os-version="10.0.20348" clr-version="Unknown" user-domain="fv-az553-940" platform="Microsoft Windows Server 2022 Datacenter|C:\Windows|\Device\Harddisk0\Partition2" user="runneradmin" cwd="D:\a\icons\icons" />
  <culture-info current-culture="en-US" current-uiculture="en-US" />
  <test-suite type="TestFixture" name="Pester" executed="True" result="Success" success="True" time="6.926" asserts="0" description="Pester">
    <results>
      <test-suite type="TestFixture" name="D:\a\icons\icons\tests\Icon.Tests.ps1" executed="True" result="Success" success="True" time="6.926" asserts="0" description="D:\a\icons\icons\tests\Icon.Tests.ps1">
        <results>
          <test-suite type="TestFixture" name="Image format tests" executed="True" result="Success" success="True" time="0.1828" asserts="0" description="Image format tests">
            <results>
              <test-suite type="TestFixture" name="Image format tests.Validate ." executed="True" result="Success" success="True" time="0.168" asserts="0" description="Image format tests.Validate .">
                <results>
                  <test-case description="1Password.png should be a .PNG file" name="Image format tests.Validate ..1Password.png should be a .PNG file" time="0.11" asserts="0" success="True" result="Success" executed="True" />
                </results>
              </test-suite>
            </results>
          </test-suite>
          <test-suite type="TestFixture" name="Image format tests" executed="True" result="Success" success="True" time="0.1935" asserts="0" description="Image format tests">
            <results>
              <test-suite type="TestFixture" name="Image format tests.Validate ." executed="True" result="Success" success="True" time="0.007" asserts="0" description="Image format tests.Validate .">
                <results>
                  <test-case description="7-Zip.png should be a .PNG file" name="Image format tests.Validate ..7-Zip.png should be a .PNG file" time="0.0034" asserts="0" success="True" result="Success" executed="True" />
                </results>
              </test-suite>
            </results>
          </test-suite>
          <test-suite type="TestFixture" name="Image format tests" executed="True" result="Success" success="True" time="0.2035" asserts="0" description="Image format tests">
            <results>
              <test-suite type="TestFixture" name="Image format tests.Validate ." executed="True" result="Success" success="True" time="0.0067" asserts="0" description="Image format tests.Validate .">
                <results>
                  <test-case description="Adobe-AcrobatReader.png should be a .PNG file" name="Image format tests.Validate ..Adobe-AcrobatReader.png should be a .PNG file" time="0.0032" asserts="0" success="True" result="Success" executed="True" />
                </results>
              </test-suite>
            </results>
          </test-suite>
          <test-suite type="TestFixture" name="Image format tests" executed="True" result="Success" success="True" time="0.2606" asserts="0" description="Image format tests">
            <results>
              <test-suite type="TestFixture" name="Image format tests.Validate ." executed="True" result="Success" success="True" time="0.0536" asserts="0" description="Image format tests.Validate .">
                <results>
                  <test-case description="Adobe-AcrobatReader2.png should be a .PNG file" name="Image format tests.Validate ..Adobe-AcrobatReader2.png should be a .PNG file" time="0.0494" asserts="0" success="True" result="Success" executed="True" />
                </results>
              </test-suite>
            </results>
          </test-suite>
          <test-suite type="TestFixture" name="Image format tests" executed="True" result="Success" success="True" time="0.2711" asserts="0" description="Image format tests">
            <results>
              <test-suite type="TestFixture" name="Image format tests.Validate ." executed="True" result="Success" success="True" time="0.0067" asserts="0" description="Image format tests.Validate .">
                <results>
                  <test-case description="Adobe-AcrobatUpdate.png should be a .PNG file" name="Image format tests.Validate ..Adobe-AcrobatUpdate.png should be a .PNG file" time="0.0032" asserts="0" success="True" result="Success" executed="True" />
                </results>
              </test-suite>
            </results>
          </test-suite>
          <test-suite type="TestFixture" name="Image format tests" executed="True" result="Success" success="True" time="0.3018" asserts="0" description="Image format tests">
            <results>
              <test-suite type="TestFixture" name="Image format tests.Validate ." executed="True" result="Success" success="True" time="0.0265" asserts="0" description="Image format tests.Validate .">
                <results>
                  <test-case description="Apple-iTunes.png should be a .PNG file" name="Image format tests.Validate ..Apple-iTunes.png should be a .PNG file" time="0.0037" asserts="0" success="True" result="Success" executed="True" />
                </results>
              </test-suite>
            </results>
          </test-suite>
          <test-suite type="TestFixture" name="Image format tests" executed="True" result="Success" success="True" time="0.3115" asserts="0" description="Image format tests">
            <results>
              <test-suite type="TestFixture" name="Image format tests.Validate ." executed="True" result="Success" success="True" time="0.0063" asserts="0" description="Image format tests.Validate .">
                <results>
                  <test-case description="Apple-MobileDeviceSupport.png should be a .PNG file" name="Image format tests.Validate ..Apple-MobileDeviceSupport.png should be a .PNG file" time="0.003" asserts="0" success="True" result="Success" executed="True" />
                </results>
              </test-suite>
            </results>
          </test-suite>
          <test-suite type="TestFixture" name="Image format tests" executed="True" result="Success" success="True" time="0.3206" asserts="0" description="Image format tests">
            <results>
              <test-suite type="TestFixture" name="Image format tests.Validate ." executed="True" result="Success" success="True" time="0.006" asserts="0" description="Image format tests.Validate .">
                <results>
                  <test-case description="Audacity.png should be a .PNG file" name="Image format tests.Validate ..Audacity.png should be a .PNG file" time="0.0028" asserts="0" success="True" result="Success" executed="True" />
                </results>
              </test-suite>
            </results>
          </test-suite>
          <test-suite type="TestFixture" name="Image format tests" executed="True" result="Success" success="True" time="0.3297" asserts="0" description="Image format tests">
            <results>
              <test-suite type="TestFixture" name="Image format tests.Validate ." executed="True" result="Success" success="True" time="0.006" asserts="0" description="Image format tests.Validate .">
                <results>
                  <test-case description="Bluejeans.png should be a .PNG file" name="Image format tests.Validate ..Bluejeans.png should be a .PNG file" time="0.0028" asserts="0" success="True" result="Success" executed="True" />
                </results>
              </test-suite>
            </results>
          </test-suite>
          <test-suite type="TestFixture" name="Image format tests" executed="True" result="Success" success="True" time="0.3387" asserts="0" description="Image format tests">
            <results>
              <test-suite type="TestFixture" name="Image format tests.Validate ." executed="True" result="Success" success="True" time="0.006" asserts="0" description="Image format tests.Validate .">
                <results>
                  <test-case description="Brave-macOS.png should be a .PNG file" name="Image format tests.Validate ..Brave-macOS.png should be a .PNG file" time="0.0028" asserts="0" success="True" result="Success" executed="True" />
                </results>
              </test-suite>
            </results>
          </test-suite>
          <test-suite type="TestFixture" name="Image format tests" executed="True" result="Success" success="True" time="0.3477" asserts="0" description="Image format tests">
            <results>
              <test-suite type="TestFixture" name="Image format tests.Validate ." executed="True" result="Success" success="True" time="0.006" asserts="0" description="Image format tests.Validate .">
                <results>
                  <test-case description="Brave.png should be a .PNG file" name="Image format tests.Validate ..Brave.png should be a .PNG file" time="0.0028" asserts="0" success="True" result="Success" executed="True" />
                </results>
              </test-suite>
            </results>
          </test-suite>
          <test-suite type="TestFixture" name="Image format tests" executed="True" result="Success" success="True" time="0.3567" asserts="0" description="Image format tests">
            <results>
              <test-suite type="TestFixture" name="Image format tests.Validate ." executed="True" result="Success" success="True" time="0.006" asserts="0" description="Image format tests.Validate .">
                <results>
                  <test-case description="Cisco-WebEx.png should be a .PNG file" name="Image format tests.Validate ..Cisco-WebEx.png should be a .PNG file" time="0.0028" asserts="0" success="True" result="Success" executed="True" />
                </results>
              </test-suite>
            </results>
          </test-suite>
          <test-suite type="TestFixture" name="Image format tests" executed="True" result="Success" success="True" time="0.3659" asserts="0" description="Image format tests">
            <results>
              <test-suite type="TestFixture" name="Image format tests.Validate ." executed="True" result="Success" success="True" time="0.0059" asserts="0" description="Image format tests.Validate .">
                <results>
                  <test-case description="Citrix-Files.png should be a .PNG file" name="Image format tests.Validate ..Citrix-Files.png should be a .PNG file" time="0.0028" asserts="0" success="True" result="Success" executed="True" />
                </results>
              </test-suite>
            </results>
          </test-suite>
          <test-suite type="TestFixture" name="Image format tests" executed="True" result="Success" success="True" time="0.3758" asserts="0" description="Image format tests">
            <results>
              <test-suite type="TestFixture" name="Image format tests.Validate ." executed="True" result="Success" success="True" time="0.0064" asserts="0" description="Image format tests.Validate .">
                <results>
                  <test-case description="Citrix-Reciever.png should be a .PNG file" name="Image format tests.Validate ..Citrix-Reciever.png should be a .PNG file" time="0.0029" asserts="0" success="True" result="Success" executed="True" />
                </results>
              </test-suite>
            </results>
          </test-suite>
          <test-suite type="TestFixture" name="Image format tests" executed="True" result="Success" success="True" time="0.3914" asserts="0" description="Image format tests">
            <results>
              <test-suite type="TestFixture" name="Image format tests.Validate ." executed="True" result="Success" success="True" time="0.0076" asserts="0" description="Image format tests.Validate .">
                <results>
                  <test-case description="Citrix-SecureHub.png should be a .PNG file" name="Image format tests.Validate ..Citrix-SecureHub.png should be a .PNG file" time="0.0035" asserts="0" success="True" result="Success" executed="True" />
                </results>
              </test-suite>
            </results>
          </test-suite>
          <test-suite type="TestFixture" name="Image format tests" executed="True" result="Success" success="True" time="0.401" asserts="0" description="Image format tests">
            <results>
              <test-suite type="TestFixture" name="Image format tests.Validate ." executed="True" result="Success" success="True" time="0.0063" asserts="0" description="Image format tests.Validate .">
                <results>
                  <test-case description="Citrix-SecureMail.png should be a .PNG file" name="Image format tests.Validate ..Citrix-SecureMail.png should be a .PNG file" time="0.003" asserts="0" success="True" result="Success" executed="True" />
                </results>
              </test-suite>
            </results>
          </test-suite>
          <test-suite type="TestFixture" name="Image format tests" executed="True" result="Success" success="True" time="0.4101" asserts="0" description="Image format tests">
            <results>
              <test-suite type="TestFixture" name="Image format tests.Validate ." executed="True" result="Success" success="True" time="0.006" asserts="0" description="Image format tests.Validate .">
                <results>
                  <test-case description="Citrix-SecureWeb.png should be a .PNG file" name="Image format tests.Validate ..Citrix-SecureWeb.png should be a .PNG file" time="0.0028" asserts="0" success="True" result="Success" executed="True" />
                </results>
              </test-suite>
            </results>
          </test-suite>
          <test-suite type="TestFixture" name="Image format tests" executed="True" result="Success" success="True" time="0.4191" asserts="0" description="Image format tests">
            <results>
              <test-suite type="TestFixture" name="Image format tests.Validate ." executed="True" result="Success" success="True" time="0.006" asserts="0" description="Image format tests.Validate .">
                <results>
                  <test-case description="Citrix-ShareFile.png should be a .PNG file" name="Image format tests.Validate ..Citrix-ShareFile.png should be a .PNG file" time="0.0028" asserts="0" success="True" result="Success" executed="True" />
                </results>
              </test-suite>
            </results>
          </test-suite>
          <test-suite type="TestFixture" name="Image format tests" executed="True" result="Success" success="True" time="0.4282" asserts="0" description="Image format tests">
            <results>
              <test-suite type="TestFixture" name="Image format tests.Validate ." executed="True" result="Success" success="True" time="0.006" asserts="0" description="Image format tests.Validate .">
                <results>
                  <test-case description="Citrix-SSO.png should be a .PNG file" name="Image format tests.Validate ..Citrix-SSO.png should be a .PNG file" time="0.0028" asserts="0" success="True" result="Success" executed="True" />
                </results>
              </test-suite>
            </results>
          </test-suite>
          <test-suite type="TestFixture" name="Image format tests" executed="True" result="Success" success="True" time="0.4372" asserts="0" description="Image format tests">
            <results>
              <test-suite type="TestFixture" name="Image format tests.Validate ." executed="True" result="Success" success="True" time="0.0059" asserts="0" description="Image format tests.Validate .">
                <results>
                  <test-case description="Citrix-WorkflowsXenMobile.png should be a .PNG file" name="Image format tests.Validate ..Citrix-WorkflowsXenMobile.png should be a .PNG file" time="0.0028" asserts="0" success="True" result="Success" executed="True" />
                </results>
              </test-suite>
            </results>
          </test-suite>
          <test-suite type="TestFixture" name="Image format tests" executed="True" result="Success" success="True" time="0.5892" asserts="0" description="Image format tests">
            <results>
              <test-suite type="TestFixture" name="Image format tests.Validate ." executed="True" result="Success" success="True" time="0.1487" asserts="0" description="Image format tests.Validate .">
                <results>
                  <test-case description="Citrix-WorkspaceApp.png should be a .PNG file" name="Image format tests.Validate ..Citrix-WorkspaceApp.png should be a .PNG file" time="0.0027" asserts="0" success="True" result="Success" executed="True" />
                </results>
              </test-suite>
            </results>
          </test-suite>
          <test-suite type="TestFixture" name="Image format tests" executed="True" result="Success" success="True" time="0.5986" asserts="0" description="Image format tests">
            <results>
              <test-suite type="TestFixture" name="Image format tests.Validate ." executed="True" result="Success" success="True" time="0.0063" asserts="0" description="Image format tests.Validate .">
                <results>
                  <test-case description="Citrix-WorkspaceApp2.png should be a .PNG file" name="Image format tests.Validate ..Citrix-WorkspaceApp2.png should be a .PNG file" time="0.0031" asserts="0" success="True" result="Success" executed="True" />
                </results>
              </test-suite>
            </results>
          </test-suite>
          <test-suite type="TestFixture" name="Image format tests" executed="True" result="Success" success="True" time="0.6333" asserts="0" description="Image format tests">
            <results>
              <test-suite type="TestFixture" name="Image format tests.Validate ." executed="True" result="Success" success="True" time="0.0317" asserts="0" description="Image format tests.Validate .">
                <results>
                  <test-case description="ConnectWise-Control.png should be a .PNG file" name="Image format tests.Validate ..ConnectWise-Control.png should be a .PNG file" time="0.0032" asserts="0" success="True" result="Success" executed="True" />
                </results>
              </test-suite>
            </results>
          </test-suite>
          <test-suite type="TestFixture" name="Image format tests" executed="True" result="Success" success="True" time="0.6421" asserts="0" description="Image format tests">
            <results>
              <test-suite type="TestFixture" name="Image format tests.Validate ." executed="True" result="Success" success="True" time="0.006" asserts="0" description="Image format tests.Validate .">
                <results>
                  <test-case description="ConnectWise-Manage.png should be a .PNG file" name="Image format tests.Validate ..ConnectWise-Manage.png should be a .PNG file" time="0.003" asserts="0" success="True" result="Success" executed="True" />
                </results>
              </test-suite>
            </results>
          </test-suite>
          <test-suite type="TestFixture" name="Image format tests" executed="True" result="Success" success="True" time="0.6506" asserts="0" description="Image format tests">
            <results>
              <test-suite type="TestFixture" name="Image format tests.Validate ." executed="True" result="Success" success="True" time="0.0057" asserts="0" description="Image format tests.Validate .">
                <results>
                  <test-case description="Display.png should be a .PNG file" name="Image format tests.Validate ..Display.png should be a .PNG file" time="0.0028" asserts="0" success="True" result="Success" executed="True" />
                </results>
              </test-suite>
            </results>
          </test-suite>
          <test-suite type="TestFixture" name="Image format tests" executed="True" result="Success" success="True" time="0.6591" asserts="0" description="Image format tests">
            <results>
              <test-suite type="TestFixture" name="Image format tests.Validate ." executed="True" result="Success" success="True" time="0.0057" asserts="0" description="Image format tests.Validate .">
                <results>
                  <test-case description="Dropbox-Metro.png should be a .PNG file" name="Image format tests.Validate ..Dropbox-Metro.png should be a .PNG file" time="0.0028" asserts="0" success="True" result="Success" executed="True" />
                </results>
              </test-suite>
            </results>
          </test-suite>
          <test-suite type="TestFixture" name="Image format tests" executed="True" result="Success" success="True" time="0.6674" asserts="0" description="Image format tests">
            <results>
              <test-suite type="TestFixture" name="Image format tests.Validate ." executed="True" result="Success" success="True" time="0.0056" asserts="0" description="Image format tests.Validate .">
                <results>
                  <test-case description="Dropbox.png should be a .PNG file" name="Image format tests.Validate ..Dropbox.png should be a .PNG file" time="0.0028" asserts="0" success="True" result="Success" executed="True" />
                </results>
              </test-suite>
            </results>
          </test-suite>
          <test-suite type="TestFixture" name="Image format tests" executed="True" result="Success" success="True" time="0.6757" asserts="0" description="Image format tests">
            <results>
              <test-suite type="TestFixture" name="Image format tests.Validate ." executed="True" result="Success" success="True" time="0.0055" asserts="0" description="Image format tests.Validate .">
                <results>
                  <test-case description="Embrava-Connect.png should be a .PNG file" name="Image format tests.Validate ..Embrava-Connect.png should be a .PNG file" time="0.0027" asserts="0" success="True" result="Success" executed="True" />
                </results>
              </test-suite>
            </results>
          </test-suite>
          <test-suite type="TestFixture" name="Image format tests" executed="True" result="Success" success="True" time="0.684" asserts="0" description="Image format tests">
            <results>
              <test-suite type="TestFixture" name="Image format tests.Validate ." executed="True" result="Success" success="True" time="0.0055" asserts="0" description="Image format tests.Validate .">
                <results>
                  <test-case description="Fork.png should be a .PNG file" name="Image format tests.Validate ..Fork.png should be a .PNG file" time="0.0027" asserts="0" success="True" result="Success" executed="True" />
                </results>
              </test-suite>
            </results>
          </test-suite>
          <test-suite type="TestFixture" name="Image format tests" executed="True" result="Success" success="True" time="0.6923" asserts="0" description="Image format tests">
            <results>
              <test-suite type="TestFixture" name="Image format tests.Validate ." executed="True" result="Success" success="True" time="0.0055" asserts="0" description="Image format tests.Validate .">
                <results>
                  <test-case description="FoxitReader.png should be a .PNG file" name="Image format tests.Validate ..FoxitReader.png should be a .PNG file" time="0.0026" asserts="0" success="True" result="Success" executed="True" />
                </results>
              </test-suite>
            </results>
          </test-suite>
          <test-suite type="TestFixture" name="Image format tests" executed="True" result="Success" success="True" time="0.7005" asserts="0" description="Image format tests">
            <results>
              <test-suite type="TestFixture" name="Image format tests.Validate ." executed="True" result="Success" success="True" time="0.0055" asserts="0" description="Image format tests.Validate .">
                <results>
                  <test-case description="Freshservice-Agent.png should be a .PNG file" name="Image format tests.Validate ..Freshservice-Agent.png should be a .PNG file" time="0.0026" asserts="0" success="True" result="Success" executed="True" />
                </results>
              </test-suite>
            </results>
          </test-suite>
          <test-suite type="TestFixture" name="Image format tests" executed="True" result="Success" success="True" time="0.7087" asserts="0" description="Image format tests">
            <results>
              <test-suite type="TestFixture" name="Image format tests.Validate ." executed="True" result="Success" success="True" time="0.0055" asserts="0" description="Image format tests.Validate .">
                <results>
                  <test-case description="General-Fonts.png should be a .PNG file" name="Image format tests.Validate ..General-Fonts.png should be a .PNG file" time="0.0026" asserts="0" success="True" result="Success" executed="True" />
                </results>
              </test-suite>
            </results>
          </test-suite>
          <test-suite type="TestFixture" name="Image format tests" executed="True" result="Success" success="True" time="0.7211" asserts="0" description="Image format tests">
            <results>
              <test-suite type="TestFixture" name="Image format tests.Validate ." executed="True" result="Success" success="True" time="0.0095" asserts="0" description="Image format tests.Validate .">
                <results>
                  <test-case description="Gimp.png should be a .PNG file" name="Image format tests.Validate ..Gimp.png should be a .PNG file" time="0.0028" asserts="0" success="True" result="Success" executed="True" />
                </results>
              </test-suite>
            </results>
          </test-suite>
          <test-suite type="TestFixture" name="Image format tests" executed="True" result="Success" success="True" time="0.7295" asserts="0" description="Image format tests">
            <results>
              <test-suite type="TestFixture" name="Image format tests.Validate ." executed="True" result="Success" success="True" time="0.0056" asserts="0" description="Image format tests.Validate .">
                <results>
                  <test-case description="GitForWindows.png should be a .PNG file" name="Image format tests.Validate ..GitForWindows.png should be a .PNG file" time="0.0027" asserts="0" success="True" result="Success" executed="True" />
                </results>
              </test-suite>
            </results>
          </test-suite>
          <test-suite type="TestFixture" name="Image format tests" executed="True" result="Success" success="True" time="0.7377" asserts="0" description="Image format tests">
            <results>
              <test-suite type="TestFixture" name="Image format tests.Validate ." executed="True" result="Success" success="True" time="0.0055" asserts="0" description="Image format tests.Validate .">
                <results>
                  <test-case description="GitHub-Desktop.png should be a .PNG file" name="Image format tests.Validate ..GitHub-Desktop.png should be a .PNG file" time="0.0027" asserts="0" success="True" result="Success" executed="True" />
                </results>
              </test-suite>
            </results>
          </test-suite>
          <test-suite type="TestFixture" name="Image format tests" executed="True" result="Success" success="True" time="0.746" asserts="0" description="Image format tests">
            <results>
              <test-suite type="TestFixture" name="Image format tests.Validate ." executed="True" result="Success" success="True" time="0.0055" asserts="0" description="Image format tests.Validate .">
                <results>
                  <test-case description="GitHub-Desktop2.png should be a .PNG file" name="Image format tests.Validate ..GitHub-Desktop2.png should be a .PNG file" time="0.0027" asserts="0" success="True" result="Success" executed="True" />
                </results>
              </test-suite>
            </results>
          </test-suite>
          <test-suite type="TestFixture" name="Image format tests" executed="True" result="Success" success="True" time="0.7543" asserts="0" description="Image format tests">
            <results>
              <test-suite type="TestFixture" name="Image format tests.Validate ." executed="True" result="Success" success="True" time="0.0055" asserts="0" description="Image format tests.Validate .">
                <results>
                  <test-case description="Google-AndroidStudio.png should be a .PNG file" name="Image format tests.Validate ..Google-AndroidStudio.png should be a .PNG file" time="0.0027" asserts="0" success="True" result="Success" executed="True" />
                </results>
              </test-suite>
            </results>
          </test-suite>
          <test-suite type="TestFixture" name="Image format tests" executed="True" result="Success" success="True" time="0.7626" asserts="0" description="Image format tests">
            <results>
              <test-suite type="TestFixture" name="Image format tests.Validate ." executed="True" result="Success" success="True" time="0.0055" asserts="0" description="Image format tests.Validate .">
                <results>
                  <test-case description="Google-Chrome-macOS.png should be a .PNG file" name="Image format tests.Validate ..Google-Chrome-macOS.png should be a .PNG file" time="0.0027" asserts="0" success="True" result="Success" executed="True" />
                </results>
              </test-suite>
            </results>
          </test-suite>
          <test-suite type="TestFixture" name="Image format tests" executed="True" result="Success" success="True" time="0.7708" asserts="0" description="Image format tests">
            <results>
              <test-suite type="TestFixture" name="Image format tests.Validate ." executed="True" result="Success" success="True" time="0.0055" asserts="0" description="Image format tests.Validate .">
                <results>
                  <test-case description="Google-Chrome.png should be a .PNG file" name="Image format tests.Validate ..Google-Chrome.png should be a .PNG file" time="0.0027" asserts="0" success="True" result="Success" executed="True" />
                </results>
              </test-suite>
            </results>
          </test-suite>
          <test-suite type="TestFixture" name="Image format tests" executed="True" result="Success" success="True" time="0.7792" asserts="0" description="Image format tests">
            <results>
              <test-suite type="TestFixture" name="Image format tests.Validate ." executed="True" result="Success" success="True" time="0.0056" asserts="0" description="Image format tests.Validate .">
                <results>
                  <test-case description="Gpg-Keychain-macOS.png should be a .PNG file" name="Image format tests.Validate ..Gpg-Keychain-macOS.png should be a .PNG file" time="0.0027" asserts="0" success="True" result="Success" executed="True" />
                </results>
              </test-suite>
            </results>
          </test-suite>
          <test-suite type="TestFixture" name="Image format tests" executed="True" result="Success" success="True" time="0.8942" asserts="0" description="Image format tests">
            <results>
              <test-suite type="TestFixture" name="Image format tests.Validate ." executed="True" result="Success" success="True" time="0.0062" asserts="0" description="Image format tests.Validate .">
                <results>
                  <test-case description="Greenshot.png should be a .PNG file" name="Image format tests.Validate ..Greenshot.png should be a .PNG file" time="0.0028" asserts="0" success="True" result="Success" executed="True" />
                </results>
              </test-suite>
            </results>
          </test-suite>
          <test-suite type="TestFixture" name="Image format tests" executed="True" result="Success" success="True" time="0.9035" asserts="0" description="Image format tests">
            <results>
              <test-suite type="TestFixture" name="Image format tests.Validate ." executed="True" result="Success" success="True" time="0.0062" asserts="0" description="Image format tests.Validate .">
                <results>
                  <test-case description="HandBrake.png should be a .PNG file" name="Image format tests.Validate ..HandBrake.png should be a .PNG file" time="0.003" asserts="0" success="True" result="Success" executed="True" />
                </results>
              </test-suite>
            </results>
          </test-suite>
          <test-suite type="TestFixture" name="Image format tests" executed="True" result="Success" success="True" time="0.9116" asserts="0" description="Image format tests">
            <results>
              <test-suite type="TestFixture" name="Image format tests.Validate ." executed="True" result="Success" success="True" time="0.0053" asserts="0" description="Image format tests.Validate .">
                <results>
                  <test-case description="Hyper.png should be a .PNG file" name="Image format tests.Validate ..Hyper.png should be a .PNG file" time="0.0025" asserts="0" success="True" result="Success" executed="True" />
                </results>
              </test-suite>
            </results>
          </test-suite>
          <test-suite type="TestFixture" name="Image format tests" executed="True" result="Success" success="True" time="0.9197" asserts="0" description="Image format tests">
            <results>
              <test-suite type="TestFixture" name="Image format tests.Validate ." executed="True" result="Success" success="True" time="0.0053" asserts="0" description="Image format tests.Validate .">
                <results>
                  <test-case description="ImageGlass.png should be a .PNG file" name="Image format tests.Validate ..ImageGlass.png should be a .PNG file" time="0.0024" asserts="0" success="True" result="Success" executed="True" />
                </results>
              </test-suite>
            </results>
          </test-suite>
          <test-suite type="TestFixture" name="Image format tests" executed="True" result="Success" success="True" time="0.9276" asserts="0" description="Image format tests">
            <results>
              <test-suite type="TestFixture" name="Image format tests.Validate ." executed="True" result="Success" success="True" time="0.0052" asserts="0" description="Image format tests.Validate .">
                <results>
                  <test-case description="ImageOptim.png should be a .PNG file" name="Image format tests.Validate ..ImageOptim.png should be a .PNG file" time="0.0024" asserts="0" success="True" result="Success" executed="True" />
                </results>
              </test-suite>
            </results>
          </test-suite>
          <test-suite type="TestFixture" name="Image format tests" executed="True" result="Success" success="True" time="0.9355" asserts="0" description="Image format tests">
            <results>
              <test-suite type="TestFixture" name="Image format tests.Validate ." executed="True" result="Success" success="True" time="0.0052" asserts="0" description="Image format tests.Validate .">
                <results>
                  <test-case description="Iterate-Cyberduck1.png should be a .PNG file" name="Image format tests.Validate ..Iterate-Cyberduck1.png should be a .PNG file" time="0.0023" asserts="0" success="True" result="Success" executed="True" />
                </results>
              </test-suite>
            </results>
          </test-suite>
          <test-suite type="TestFixture" name="Image format tests" executed="True" result="Success" success="True" time="0.9435" asserts="0" description="Image format tests">
            <results>
              <test-suite type="TestFixture" name="Image format tests.Validate ." executed="True" result="Success" success="True" time="0.0052" asserts="0" description="Image format tests.Validate .">
                <results>
                  <test-case description="Iterate-Cyberduck2.png should be a .PNG file" name="Image format tests.Validate ..Iterate-Cyberduck2.png should be a .PNG file" time="0.0023" asserts="0" success="True" result="Success" executed="True" />
                </results>
              </test-suite>
            </results>
          </test-suite>
          <test-suite type="TestFixture" name="Image format tests" executed="True" result="Success" success="True" time="0.9522" asserts="0" description="Image format tests">
            <results>
              <test-suite type="TestFixture" name="Image format tests.Validate ." executed="True" result="Success" success="True" time="0.0053" asserts="0" description="Image format tests.Validate .">
                <results>
                  <test-case description="Krisp.png should be a .PNG file" name="Image format tests.Validate ..Krisp.png should be a .PNG file" time="0.0024" asserts="0" success="True" result="Success" executed="True" />
                </results>
              </test-suite>
            </results>
          </test-suite>
          <test-suite type="TestFixture" name="Image format tests" executed="True" result="Success" success="True" time="0.9605" asserts="0" description="Image format tests">
            <results>
              <test-suite type="TestFixture" name="Image format tests.Validate ." executed="True" result="Success" success="True" time="0.0054" asserts="0" description="Image format tests.Validate .">
                <results>
                  <test-case description="LaserficheConnector.png should be a .PNG file" name="Image format tests.Validate ..LaserficheConnector.png should be a .PNG file" time="0.0025" asserts="0" success="True" result="Success" executed="True" />
                </results>
              </test-suite>
            </results>
          </test-suite>
          <test-suite type="TestFixture" name="Image format tests" executed="True" result="Success" success="True" time="0.9687" asserts="0" description="Image format tests">
            <results>
              <test-suite type="TestFixture" name="Image format tests.Validate ." executed="True" result="Success" success="True" time="0.0054" asserts="0" description="Image format tests.Validate .">
                <results>
                  <test-case description="Lenovo-Vantage.png should be a .PNG file" name="Image format tests.Validate ..Lenovo-Vantage.png should be a .PNG file" time="0.0025" asserts="0" success="True" result="Success" executed="True" />
                </results>
              </test-suite>
            </results>
          </test-suite>
          <test-suite type="TestFixture" name="Image format tests" executed="True" result="Success" success="True" time="0.9825" asserts="0" description="Image format tests">
            <results>
              <test-suite type="TestFixture" name="Image format tests.Validate ." executed="True" result="Success" success="True" time="0.0109" asserts="0" description="Image format tests.Validate .">
                <results>
                  <test-case description="Linux.png should be a .PNG file" name="Image format tests.Validate ..Linux.png should be a .PNG file" time="0.0029" asserts="0" success="True" result="Success" executed="True" />
                </results>
              </test-suite>
            </results>
          </test-suite>
          <test-suite type="TestFixture" name="Image format tests" executed="True" result="Success" success="True" time="0.9906" asserts="0" description="Image format tests">
            <results>
              <test-suite type="TestFixture" name="Image format tests.Validate ." executed="True" result="Success" success="True" time="0.0053" asserts="0" description="Image format tests.Validate .">
                <results>
                  <test-case description="MedicalDirector-Pracsoft.png should be a .PNG file" name="Image format tests.Validate ..MedicalDirector-Pracsoft.png should be a .PNG file" time="0.0024" asserts="0" success="True" result="Success" executed="True" />
                </results>
              </test-suite>
            </results>
          </test-suite>
          <test-suite type="TestFixture" name="Image format tests" executed="True" result="Success" success="True" time="0.9984" asserts="0" description="Image format tests">
            <results>
              <test-suite type="TestFixture" name="Image format tests.Validate ." executed="True" result="Success" success="True" time="0.0051" asserts="0" description="Image format tests.Validate .">
                <results>
                  <test-case description="Microsoft-Authenticator.png should be a .PNG file" name="Image format tests.Validate ..Microsoft-Authenticator.png should be a .PNG file" time="0.0023" asserts="0" success="True" result="Success" executed="True" />
                </results>
              </test-suite>
            </results>
          </test-suite>
          <test-suite type="TestFixture" name="Image format tests" executed="True" result="Success" success="True" time="1.0061" asserts="0" description="Image format tests">
            <results>
              <test-suite type="TestFixture" name="Image format tests.Validate ." executed="True" result="Success" success="True" time="0.005" asserts="0" description="Image format tests.Validate .">
                <results>
                  <test-case description="Microsoft-Azure.png should be a .PNG file" name="Image format tests.Validate ..Microsoft-Azure.png should be a .PNG file" time="0.0022" asserts="0" success="True" result="Success" executed="True" />
                </results>
              </test-suite>
            </results>
          </test-suite>
          <test-suite type="TestFixture" name="Image format tests" executed="True" result="Success" success="True" time="1.0139" asserts="0" description="Image format tests">
            <results>
              <test-suite type="TestFixture" name="Image format tests.Validate ." executed="True" result="Success" success="True" time="0.005" asserts="0" description="Image format tests.Validate .">
                <results>
                  <test-case description="Microsoft-AzureDataStudio.png should be a .PNG file" name="Image format tests.Validate ..Microsoft-AzureDataStudio.png should be a .PNG file" time="0.0022" asserts="0" success="True" result="Success" executed="True" />
                </results>
              </test-suite>
            </results>
          </test-suite>
          <test-suite type="TestFixture" name="Image format tests" executed="True" result="Success" success="True" time="1.0216" asserts="0" description="Image format tests">
            <results>
              <test-suite type="TestFixture" name="Image format tests.Validate ." executed="True" result="Success" success="True" time="0.005" asserts="0" description="Image format tests.Validate .">
                <results>
                  <test-case description="Microsoft-AzureInformationProtection.png should be a .PNG file" name="Image format tests.Validate ..Microsoft-AzureInformationProtection.png should be a .PNG file" time="0.0022" asserts="0" success="True" result="Success" executed="True" />
                </results>
              </test-suite>
            </results>
          </test-suite>
          <test-suite type="TestFixture" name="Image format tests" executed="True" result="Success" success="True" time="1.0307" asserts="0" description="Image format tests">
            <results>
              <test-suite type="TestFixture" name="Image format tests.Validate ." executed="True" result="Success" success="True" time="0.0058" asserts="0" description="Image format tests.Validate .">
                <results>
                  <test-case description="Microsoft-Bookings.png should be a .PNG file" name="Image format tests.Validate ..Microsoft-Bookings.png should be a .PNG file" time="0.0026" asserts="0" success="True" result="Success" executed="True" />
                </results>
              </test-suite>
            </results>
          </test-suite>
          <test-suite type="TestFixture" name="Image format tests" executed="True" result="Success" success="True" time="1.0388" asserts="0" description="Image format tests">
            <results>
              <test-suite type="TestFixture" name="Image format tests.Validate ." executed="True" result="Success" success="True" time="0.0052" asserts="0" description="Image format tests.Validate .">
                <results>
                  <test-case description="Microsoft-Defender.png should be a .PNG file" name="Image format tests.Validate ..Microsoft-Defender.png should be a .PNG file" time="0.0023" asserts="0" success="True" result="Success" executed="True" />
                </results>
              </test-suite>
            </results>
          </test-suite>
          <test-suite type="TestFixture" name="Image format tests" executed="True" result="Success" success="True" time="1.0466" asserts="0" description="Image format tests">
            <results>
              <test-suite type="TestFixture" name="Image format tests.Validate ." executed="True" result="Success" success="True" time="0.0051" asserts="0" description="Image format tests.Validate .">
                <results>
                  <test-case description="Microsoft-Delve.png should be a .PNG file" name="Image format tests.Validate ..Microsoft-Delve.png should be a .PNG file" time="0.0022" asserts="0" success="True" result="Success" executed="True" />
                </results>
              </test-suite>
            </results>
          </test-suite>
          <test-suite type="TestFixture" name="Image format tests" executed="True" result="Success" success="True" time="1.0544" asserts="0" description="Image format tests">
            <results>
              <test-suite type="TestFixture" name="Image format tests.Validate ." executed="True" result="Success" success="True" time="0.005" asserts="0" description="Image format tests.Validate .">
                <results>
                  <test-case description="Microsoft-Dynamics365.png should be a .PNG file" name="Image format tests.Validate ..Microsoft-Dynamics365.png should be a .PNG file" time="0.0022" asserts="0" success="True" result="Success" executed="True" />
                </results>
              </test-suite>
            </results>
          </test-suite>
          <test-suite type="TestFixture" name="Image format tests" executed="True" result="Success" success="True" time="1.0623" asserts="0" description="Image format tests">
            <results>
              <test-suite type="TestFixture" name="Image format tests.Validate ." executed="True" result="Success" success="True" time="0.005" asserts="0" description="Image format tests.Validate .">
                <results>
                  <test-case description="Microsoft-DynamicsCRM.png should be a .PNG file" name="Image format tests.Validate ..Microsoft-DynamicsCRM.png should be a .PNG file" time="0.0022" asserts="0" success="True" result="Success" executed="True" />
                </results>
              </test-suite>
            </results>
          </test-suite>
          <test-suite type="TestFixture" name="Image format tests" executed="True" result="Success" success="True" time="1.0724" asserts="0" description="Image format tests">
            <results>
              <test-suite type="TestFixture" name="Image format tests.Validate ." executed="True" result="Success" success="True" time="0.0053" asserts="0" description="Image format tests.Validate .">
                <results>
                  <test-case description="Microsoft-DynamicsNAV.png should be a .PNG file" name="Image format tests.Validate ..Microsoft-DynamicsNAV.png should be a .PNG file" time="0.0023" asserts="0" success="True" result="Success" executed="True" />
                </results>
              </test-suite>
            </results>
          </test-suite>
          <test-suite type="TestFixture" name="Image format tests" executed="True" result="Success" success="True" time="1.0803" asserts="0" description="Image format tests">
            <results>
              <test-suite type="TestFixture" name="Image format tests.Validate ." executed="True" result="Success" success="True" time="0.0052" asserts="0" description="Image format tests.Validate .">
                <results>
                  <test-case description="Microsoft-Edge-Beta.png should be a .PNG file" name="Image format tests.Validate ..Microsoft-Edge-Beta.png should be a .PNG file" time="0.0023" asserts="0" success="True" result="Success" executed="True" />
                </results>
              </test-suite>
            </results>
          </test-suite>
          <test-suite type="TestFixture" name="Image format tests" executed="True" result="Success" success="True" time="1.0881" asserts="0" description="Image format tests">
            <results>
              <test-suite type="TestFixture" name="Image format tests.Validate ." executed="True" result="Success" success="True" time="0.0051" asserts="0" description="Image format tests.Validate .">
                <results>
                  <test-case description="Microsoft-Edge-Canary-macOS.png should be a .PNG file" name="Image format tests.Validate ..Microsoft-Edge-Canary-macOS.png should be a .PNG file" time="0.0023" asserts="0" success="True" result="Success" executed="True" />
                </results>
              </test-suite>
            </results>
          </test-suite>
          <test-suite type="TestFixture" name="Image format tests" executed="True" result="Success" success="True" time="1.0959" asserts="0" description="Image format tests">
            <results>
              <test-suite type="TestFixture" name="Image format tests.Validate ." executed="True" result="Success" success="True" time="0.005" asserts="0" description="Image format tests.Validate .">
                <results>
                  <test-case description="Microsoft-Edge-Canary.png should be a .PNG file" name="Image format tests.Validate ..Microsoft-Edge-Canary.png should be a .PNG file" time="0.0022" asserts="0" success="True" result="Success" executed="True" />
                </results>
              </test-suite>
            </results>
          </test-suite>
          <test-suite type="TestFixture" name="Image format tests" executed="True" result="Success" success="True" time="1.1037" asserts="0" description="Image format tests">
            <results>
              <test-suite type="TestFixture" name="Image format tests.Validate ." executed="True" result="Success" success="True" time="0.0051" asserts="0" description="Image format tests.Validate .">
                <results>
                  <test-case description="Microsoft-Edge-Dev.png should be a .PNG file" name="Image format tests.Validate ..Microsoft-Edge-Dev.png should be a .PNG file" time="0.0023" asserts="0" success="True" result="Success" executed="True" />
                </results>
              </test-suite>
            </results>
          </test-suite>
          <test-suite type="TestFixture" name="Image format tests" executed="True" result="Success" success="True" time="1.1115" asserts="0" description="Image format tests">
            <results>
              <test-suite type="TestFixture" name="Image format tests.Validate ." executed="True" result="Success" success="True" time="0.0051" asserts="0" description="Image format tests.Validate .">
                <results>
                  <test-case description="Microsoft-Edge.png should be a .PNG file" name="Image format tests.Validate ..Microsoft-Edge.png should be a .PNG file" time="0.0022" asserts="0" success="True" result="Success" executed="True" />
                </results>
              </test-suite>
            </results>
          </test-suite>
          <test-suite type="TestFixture" name="Image format tests" executed="True" result="Success" success="True" time="1.1191" asserts="0" description="Image format tests">
            <results>
              <test-suite type="TestFixture" name="Image format tests.Validate ." executed="True" result="Success" success="True" time="0.0049" asserts="0" description="Image format tests.Validate .">
                <results>
                  <test-case description="Microsoft-Excel-macOS.png should be a .PNG file" name="Image format tests.Validate ..Microsoft-Excel-macOS.png should be a .PNG file" time="0.0022" asserts="0" success="True" result="Success" executed="True" />
                </results>
              </test-suite>
            </results>
          </test-suite>
          <test-suite type="TestFixture" name="Image format tests" executed="True" result="Success" success="True" time="1.1268" asserts="0" description="Image format tests">
            <results>
              <test-suite type="TestFixture" name="Image format tests.Validate ." executed="True" result="Success" success="True" time="0.005" asserts="0" description="Image format tests.Validate .">
                <results>
                  <test-case description="Microsoft-Excel.png should be a .PNG file" name="Image format tests.Validate ..Microsoft-Excel.png should be a .PNG file" time="0.0022" asserts="0" success="True" result="Success" executed="True" />
                </results>
              </test-suite>
            </results>
          </test-suite>
          <test-suite type="TestFixture" name="Image format tests" executed="True" result="Success" success="True" time="1.1345" asserts="0" description="Image format tests">
            <results>
              <test-suite type="TestFixture" name="Image format tests.Validate ." executed="True" result="Success" success="True" time="0.0051" asserts="0" description="Image format tests.Validate .">
                <results>
                  <test-case description="Microsoft-FileExplorer-Old.png should be a .PNG file" name="Image format tests.Validate ..Microsoft-FileExplorer-Old.png should be a .PNG file" time="0.0022" asserts="0" success="True" result="Success" executed="True" />
                </results>
              </test-suite>
            </results>
          </test-suite>
          <test-suite type="TestFixture" name="Image format tests" executed="True" result="Success" success="True" time="1.142" asserts="0" description="Image format tests">
            <results>
              <test-suite type="TestFixture" name="Image format tests.Validate ." executed="True" result="Success" success="True" time="0.0049" asserts="0" description="Image format tests.Validate .">
                <results>
                  <test-case description="Microsoft-FileExplorer.png should be a .PNG file" name="Image format tests.Validate ..Microsoft-FileExplorer.png should be a .PNG file" time="0.0022" asserts="0" success="True" result="Success" executed="True" />
                </results>
              </test-suite>
            </results>
          </test-suite>
          <test-suite type="TestFixture" name="Image format tests" executed="True" result="Success" success="True" time="1.1543" asserts="0" description="Image format tests">
            <results>
              <test-suite type="TestFixture" name="Image format tests.Validate ." executed="True" result="Success" success="True" time="0.0096" asserts="0" description="Image format tests.Validate .">
                <results>
                  <test-case description="Microsoft-Flow.png should be a .PNG file" name="Image format tests.Validate ..Microsoft-Flow.png should be a .PNG file" time="0.0067" asserts="0" success="True" result="Success" executed="True" />
                </results>
              </test-suite>
            </results>
          </test-suite>
          <test-suite type="TestFixture" name="Image format tests" executed="True" result="Success" success="True" time="1.1814" asserts="0" description="Image format tests">
            <results>
              <test-suite type="TestFixture" name="Image format tests.Validate ." executed="True" result="Success" success="True" time="0.0152" asserts="0" description="Image format tests.Validate .">
                <results>
                  <test-case description="Microsoft-Games.png should be a .PNG file" name="Image format tests.Validate ..Microsoft-Games.png should be a .PNG file" time="0.0023" asserts="0" success="True" result="Success" executed="True" />
                </results>
              </test-suite>
            </results>
          </test-suite>
          <test-suite type="TestFixture" name="Image format tests" executed="True" result="Success" success="True" time="1.202" asserts="0" description="Image format tests">
            <results>
              <test-suite type="TestFixture" name="Image format tests.Validate ." executed="True" result="Success" success="True" time="0.0053" asserts="0" description="Image format tests.Validate .">
                <results>
                  <test-case description="Microsoft-IntuneCompanyPortal.png should be a .PNG file" name="Image format tests.Validate ..Microsoft-IntuneCompanyPortal.png should be a .PNG file" time="0.0024" asserts="0" success="True" result="Success" executed="True" />
                </results>
              </test-suite>
            </results>
          </test-suite>
          <test-suite type="TestFixture" name="Image format tests" executed="True" result="Success" success="True" time="1.2093" asserts="0" description="Image format tests">
            <results>
              <test-suite type="TestFixture" name="Image format tests.Validate ." executed="True" result="Success" success="True" time="0.0048" asserts="0" description="Image format tests.Validate .">
                <results>
                  <test-case description="Microsoft-Kaizala.png should be a .PNG file" name="Image format tests.Validate ..Microsoft-Kaizala.png should be a .PNG file" time="0.0022" asserts="0" success="True" result="Success" executed="True" />
                </results>
              </test-suite>
            </results>
          </test-suite>
          <test-suite type="TestFixture" name="Image format tests" executed="True" result="Success" success="True" time="1.2165" asserts="0" description="Image format tests">
            <results>
              <test-suite type="TestFixture" name="Image format tests.Validate ." executed="True" result="Success" success="True" time="0.0047" asserts="0" description="Image format tests.Validate .">
                <results>
                  <test-case description="Microsoft-ManagedBrowser.png should be a .PNG file" name="Image format tests.Validate ..Microsoft-ManagedBrowser.png should be a .PNG file" time="0.0021" asserts="0" success="True" result="Success" executed="True" />
                </results>
              </test-suite>
            </results>
          </test-suite>
          <test-suite type="TestFixture" name="Image format tests" executed="True" result="Success" success="True" time="1.2237" asserts="0" description="Image format tests">
            <results>
              <test-suite type="TestFixture" name="Image format tests.Validate ." executed="True" result="Success" success="True" time="0.0046" asserts="0" description="Image format tests.Validate .">
                <results>
                  <test-case description="Microsoft-MyApps.png should be a .PNG file" name="Image format tests.Validate ..Microsoft-MyApps.png should be a .PNG file" time="0.0021" asserts="0" success="True" result="Success" executed="True" />
                </results>
              </test-suite>
            </results>
          </test-suite>
          <test-suite type="TestFixture" name="Image format tests" executed="True" result="Success" success="True" time="1.2308" asserts="0" description="Image format tests">
            <results>
              <test-suite type="TestFixture" name="Image format tests.Validate ." executed="True" result="Success" success="True" time="0.0046" asserts="0" description="Image format tests.Validate .">
                <results>
                  <test-case description="Microsoft-NET.png should be a .PNG file" name="Image format tests.Validate ..Microsoft-NET.png should be a .PNG file" time="0.0021" asserts="0" success="True" result="Success" executed="True" />
                </results>
              </test-suite>
            </results>
          </test-suite>
          <test-suite type="TestFixture" name="Image format tests" executed="True" result="Success" success="True" time="1.238" asserts="0" description="Image format tests">
            <results>
              <test-suite type="TestFixture" name="Image format tests.Validate ." executed="True" result="Success" success="True" time="0.0046" asserts="0" description="Image format tests.Validate .">
                <results>
                  <test-case description="Microsoft-Office-Lens.png should be a .PNG file" name="Image format tests.Validate ..Microsoft-Office-Lens.png should be a .PNG file" time="0.002" asserts="0" success="True" result="Success" executed="True" />
                </results>
              </test-suite>
            </results>
          </test-suite>
          <test-suite type="TestFixture" name="Image format tests" executed="True" result="Success" success="True" time="1.245" asserts="0" description="Image format tests">
            <results>
              <test-suite type="TestFixture" name="Image format tests.Validate ." executed="True" result="Success" success="True" time="0.0046" asserts="0" description="Image format tests.Validate .">
                <results>
                  <test-case description="Microsoft-Office.png should be a .PNG file" name="Image format tests.Validate ..Microsoft-Office.png should be a .PNG file" time="0.002" asserts="0" success="True" result="Success" executed="True" />
                </results>
              </test-suite>
            </results>
          </test-suite>
          <test-suite type="TestFixture" name="Image format tests" executed="True" result="Success" success="True" time="1.2521" asserts="0" description="Image format tests">
            <results>
              <test-suite type="TestFixture" name="Image format tests.Validate ." executed="True" result="Success" success="True" time="0.0046" asserts="0" description="Image format tests.Validate .">
                <results>
                  <test-case description="Microsoft-OfficeDelve.png should be a .PNG file" name="Image format tests.Validate ..Microsoft-OfficeDelve.png should be a .PNG file" time="0.002" asserts="0" success="True" result="Success" executed="True" />
                </results>
              </test-suite>
            </results>
          </test-suite>
          <test-suite type="TestFixture" name="Image format tests" executed="True" result="Success" success="True" time="1.2625" asserts="0" description="Image format tests">
            <results>
              <test-suite type="TestFixture" name="Image format tests.Validate ." executed="True" result="Success" success="True" time="0.0078" asserts="0" description="Image format tests.Validate .">
                <results>
                  <test-case description="Microsoft-OneDrive-macOS.png should be a .PNG file" name="Image format tests.Validate ..Microsoft-OneDrive-macOS.png should be a .PNG file" time="0.002" asserts="0" success="True" result="Success" executed="True" />
                </results>
              </test-suite>
            </results>
          </test-suite>
          <test-suite type="TestFixture" name="Image format tests" executed="True" result="Success" success="True" time="1.2698" asserts="0" description="Image format tests">
            <results>
              <test-suite type="TestFixture" name="Image format tests.Validate ." executed="True" result="Success" success="True" time="0.0047" asserts="0" description="Image format tests.Validate .">
                <results>
                  <test-case description="Microsoft-OneDrive.png should be a .PNG file" name="Image format tests.Validate ..Microsoft-OneDrive.png should be a .PNG file" time="0.0021" asserts="0" success="True" result="Success" executed="True" />
                </results>
              </test-suite>
            </results>
          </test-suite>
          <test-suite type="TestFixture" name="Image format tests" executed="True" result="Success" success="True" time="1.2769" asserts="0" description="Image format tests">
            <results>
              <test-suite type="TestFixture" name="Image format tests.Validate ." executed="True" result="Success" success="True" time="0.0046" asserts="0" description="Image format tests.Validate .">
                <results>
                  <test-case description="Microsoft-OneNote-macOS.png should be a .PNG file" name="Image format tests.Validate ..Microsoft-OneNote-macOS.png should be a .PNG file" time="0.002" asserts="0" success="True" result="Success" executed="True" />
                </results>
              </test-suite>
            </results>
          </test-suite>
          <test-suite type="TestFixture" name="Image format tests" executed="True" result="Success" success="True" time="1.284" asserts="0" description="Image format tests">
            <results>
              <test-suite type="TestFixture" name="Image format tests.Validate ." executed="True" result="Success" success="True" time="0.0046" asserts="0" description="Image format tests.Validate .">
                <results>
                  <test-case description="Microsoft-OneNote-Metro.png should be a .PNG file" name="Image format tests.Validate ..Microsoft-OneNote-Metro.png should be a .PNG file" time="0.002" asserts="0" success="True" result="Success" executed="True" />
                </results>
              </test-suite>
            </results>
          </test-suite>
          <test-suite type="TestFixture" name="Image format tests" executed="True" result="Success" success="True" time="1.2911" asserts="0" description="Image format tests">
            <results>
              <test-suite type="TestFixture" name="Image format tests.Validate ." executed="True" result="Success" success="True" time="0.0046" asserts="0" description="Image format tests.Validate .">
                <results>
                  <test-case description="Microsoft-OneNote.png should be a .PNG file" name="Image format tests.Validate ..Microsoft-OneNote.png should be a .PNG file" time="0.002" asserts="0" success="True" result="Success" executed="True" />
                </results>
              </test-suite>
            </results>
          </test-suite>
          <test-suite type="TestFixture" name="Image format tests" executed="True" result="Success" success="True" time="1.2983" asserts="0" description="Image format tests">
            <results>
              <test-suite type="TestFixture" name="Image format tests.Validate ." executed="True" result="Success" success="True" time="0.0046" asserts="0" description="Image format tests.Validate .">
                <results>
                  <test-case description="Microsoft-Outlook-macOS.png should be a .PNG file" name="Image format tests.Validate ..Microsoft-Outlook-macOS.png should be a .PNG file" time="0.002" asserts="0" success="True" result="Success" executed="True" />
                </results>
              </test-suite>
            </results>
          </test-suite>
          <test-suite type="TestFixture" name="Image format tests" executed="True" result="Success" success="True" time="1.3054" asserts="0" description="Image format tests">
            <results>
              <test-suite type="TestFixture" name="Image format tests.Validate ." executed="True" result="Success" success="True" time="0.0046" asserts="0" description="Image format tests.Validate .">
                <results>
                  <test-case description="Microsoft-Outlook.png should be a .PNG file" name="Image format tests.Validate ..Microsoft-Outlook.png should be a .PNG file" time="0.002" asserts="0" success="True" result="Success" executed="True" />
                </results>
              </test-suite>
            </results>
          </test-suite>
          <test-suite type="TestFixture" name="Image format tests" executed="True" result="Success" success="True" time="1.3124" asserts="0" description="Image format tests">
            <results>
              <test-suite type="TestFixture" name="Image format tests.Validate ." executed="True" result="Success" success="True" time="0.0045" asserts="0" description="Image format tests.Validate .">
                <results>
                  <test-case description="Microsoft-Planner.png should be a .PNG file" name="Image format tests.Validate ..Microsoft-Planner.png should be a .PNG file" time="0.002" asserts="0" success="True" result="Success" executed="True" />
                </results>
              </test-suite>
            </results>
          </test-suite>
          <test-suite type="TestFixture" name="Image format tests" executed="True" result="Success" success="True" time="1.3195" asserts="0" description="Image format tests">
            <results>
              <test-suite type="TestFixture" name="Image format tests.Validate ." executed="True" result="Success" success="True" time="0.0046" asserts="0" description="Image format tests.Validate .">
                <results>
                  <test-case description="Microsoft-Powerapps.png should be a .PNG file" name="Image format tests.Validate ..Microsoft-Powerapps.png should be a .PNG file" time="0.002" asserts="0" success="True" result="Success" executed="True" />
                </results>
              </test-suite>
            </results>
          </test-suite>
          <test-suite type="TestFixture" name="Image format tests" executed="True" result="Success" success="True" time="1.3265" asserts="0" description="Image format tests">
            <results>
              <test-suite type="TestFixture" name="Image format tests.Validate ." executed="True" result="Success" success="True" time="0.0046" asserts="0" description="Image format tests.Validate .">
                <results>
                  <test-case description="Microsoft-PowerAutomateDesktop.png should be a .PNG file" name="Image format tests.Validate ..Microsoft-PowerAutomateDesktop.png should be a .PNG file" time="0.002" asserts="0" success="True" result="Success" executed="True" />
                </results>
              </test-suite>
            </results>
          </test-suite>
          <test-suite type="TestFixture" name="Image format tests" executed="True" result="Success" success="True" time="1.3337" asserts="0" description="Image format tests">
            <results>
              <test-suite type="TestFixture" name="Image format tests.Validate ." executed="True" result="Success" success="True" time="0.0046" asserts="0" description="Image format tests.Validate .">
                <results>
                  <test-case description="Microsoft-PowerBI.png should be a .PNG file" name="Image format tests.Validate ..Microsoft-PowerBI.png should be a .PNG file" time="0.002" asserts="0" success="True" result="Success" executed="True" />
                </results>
              </test-suite>
            </results>
          </test-suite>
          <test-suite type="TestFixture" name="Image format tests" executed="True" result="Success" success="True" time="1.3436" asserts="0" description="Image format tests">
            <results>
              <test-suite type="TestFixture" name="Image format tests.Validate ." executed="True" result="Success" success="True" time="0.0047" asserts="0" description="Image format tests.Validate .">
                <results>
                  <test-case description="Microsoft-PowerPoint-macOS.png should be a .PNG file" name="Image format tests.Validate ..Microsoft-PowerPoint-macOS.png should be a .PNG file" time="0.002" asserts="0" success="True" result="Success" executed="True" />
                </results>
              </test-suite>
            </results>
          </test-suite>
          <test-suite type="TestFixture" name="Image format tests" executed="True" result="Success" success="True" time="1.3507" asserts="0" description="Image format tests">
            <results>
              <test-suite type="TestFixture" name="Image format tests.Validate ." executed="True" result="Success" success="True" time="0.0046" asserts="0" description="Image format tests.Validate .">
                <results>
                  <test-case description="Microsoft-PowerPoint.png should be a .PNG file" name="Image format tests.Validate ..Microsoft-PowerPoint.png should be a .PNG file" time="0.002" asserts="0" success="True" result="Success" executed="True" />
                </results>
              </test-suite>
            </results>
          </test-suite>
          <test-suite type="TestFixture" name="Image format tests" executed="True" result="Success" success="True" time="1.3577" asserts="0" description="Image format tests">
            <results>
              <test-suite type="TestFixture" name="Image format tests.Validate ." executed="True" result="Success" success="True" time="0.0045" asserts="0" description="Image format tests.Validate .">
                <results>
                  <test-case description="Microsoft-PowerShellCore.png should be a .PNG file" name="Image format tests.Validate ..Microsoft-PowerShellCore.png should be a .PNG file" time="0.002" asserts="0" success="True" result="Success" executed="True" />
                </results>
              </test-suite>
            </results>
          </test-suite>
          <test-suite type="TestFixture" name="Image format tests" executed="True" result="Success" success="True" time="1.3647" asserts="0" description="Image format tests">
            <results>
              <test-suite type="TestFixture" name="Image format tests.Validate ." executed="True" result="Success" success="True" time="0.0046" asserts="0" description="Image format tests.Validate .">
                <results>
                  <test-case description="Microsoft-Project.png should be a .PNG file" name="Image format tests.Validate ..Microsoft-Project.png should be a .PNG file" time="0.002" asserts="0" success="True" result="Success" executed="True" />
                </results>
              </test-suite>
            </results>
          </test-suite>
          <test-suite type="TestFixture" name="Image format tests" executed="True" result="Success" success="True" time="1.3722" asserts="0" description="Image format tests">
            <results>
              <test-suite type="TestFixture" name="Image format tests.Validate ." executed="True" result="Success" success="True" time="0.005" asserts="0" description="Image format tests.Validate .">
                <results>
                  <test-case description="Microsoft-RemoteDesktop.png should be a .PNG file" name="Image format tests.Validate ..Microsoft-RemoteDesktop.png should be a .PNG file" time="0.0022" asserts="0" success="True" result="Success" executed="True" />
                </results>
              </test-suite>
            </results>
          </test-suite>
          <test-suite type="TestFixture" name="Image format tests" executed="True" result="Success" success="True" time="1.3792" asserts="0" description="Image format tests">
            <results>
              <test-suite type="TestFixture" name="Image format tests.Validate ." executed="True" result="Success" success="True" time="0.0045" asserts="0" description="Image format tests.Validate .">
                <results>
                  <test-case description="Microsoft-RemoteDesktop2.png should be a .PNG file" name="Image format tests.Validate ..Microsoft-RemoteDesktop2.png should be a .PNG file" time="0.002" asserts="0" success="True" result="Success" executed="True" />
                </results>
              </test-suite>
            </results>
          </test-suite>
          <test-suite type="TestFixture" name="Image format tests" executed="True" result="Success" success="True" time="1.3869" asserts="0" description="Image format tests">
            <results>
              <test-suite type="TestFixture" name="Image format tests.Validate ." executed="True" result="Success" success="True" time="0.0052" asserts="0" description="Image format tests.Validate .">
                <results>
                  <test-case description="Microsoft-RemoteDesktop3.png should be a .PNG file" name="Image format tests.Validate ..Microsoft-RemoteDesktop3.png should be a .PNG file" time="0.0027" asserts="0" success="True" result="Success" executed="True" />
                </results>
              </test-suite>
            </results>
          </test-suite>
          <test-suite type="TestFixture" name="Image format tests" executed="True" result="Success" success="True" time="1.3939" asserts="0" description="Image format tests">
            <results>
              <test-suite type="TestFixture" name="Image format tests.Validate ." executed="True" result="Success" success="True" time="0.0046" asserts="0" description="Image format tests.Validate .">
                <results>
                  <test-case description="Microsoft-SharePoint.png should be a .PNG file" name="Image format tests.Validate ..Microsoft-SharePoint.png should be a .PNG file" time="0.002" asserts="0" success="True" result="Success" executed="True" />
                </results>
              </test-suite>
            </results>
          </test-suite>
          <test-suite type="TestFixture" name="Image format tests" executed="True" result="Success" success="True" time="1.4009" asserts="0" description="Image format tests">
            <results>
              <test-suite type="TestFixture" name="Image format tests.Validate ." executed="True" result="Success" success="True" time="0.0045" asserts="0" description="Image format tests.Validate .">
                <results>
                  <test-case description="Microsoft-SSMS.png should be a .PNG file" name="Image format tests.Validate ..Microsoft-SSMS.png should be a .PNG file" time="0.002" asserts="0" success="True" result="Success" executed="True" />
                </results>
              </test-suite>
            </results>
          </test-suite>
          <test-suite type="TestFixture" name="Image format tests" executed="True" result="Success" success="True" time="1.408" asserts="0" description="Image format tests">
            <results>
              <test-suite type="TestFixture" name="Image format tests.Validate ." executed="True" result="Success" success="True" time="0.0046" asserts="0" description="Image format tests.Validate .">
                <results>
                  <test-case description="Microsoft-Staffhub.png should be a .PNG file" name="Image format tests.Validate ..Microsoft-Staffhub.png should be a .PNG file" time="0.002" asserts="0" success="True" result="Success" executed="True" />
                </results>
              </test-suite>
            </results>
          </test-suite>
          <test-suite type="TestFixture" name="Image format tests" executed="True" result="Success" success="True" time="1.4192" asserts="0" description="Image format tests">
            <results>
[...]
                <results>
                  <test-case description=" should match height and width" name="Image dimension tests.Image dimensions should be valid. should match height and width" time="0.0016" asserts="0" success="True" result="Success" executed="True" />
                  <test-case description=" height should be 246 pixels or more" name="Image dimension tests.Image dimensions should be valid. height should be 246 pixels or more" time="0.0015" asserts="0" success="True" result="Success" executed="True" />
                  <test-case description=" width should be 246 pixels or more" name="Image dimension tests.Image dimensions should be valid. width should be 246 pixels or more" time="0.0015" asserts="0" success="True" result="Success" executed="True" />
                </results>
              </test-suite>
            </results>
          </test-suite>
          <test-suite type="TestFixture" name="Image dimension tests" executed="True" result="Success" success="True" time="5.4426" asserts="0" description="Image dimension tests">
            <results>
              <test-suite type="TestFixture" name="Image dimension tests.Validate Twitter.png type" executed="True" result="Success" success="True" time="0.0037" asserts="0" description="Image dimension tests.Validate Twitter.png type">
                <results>
                  <test-case description="Twitter.png should be a .PNG file" name="Image dimension tests.Validate Twitter.png type.Twitter.png should be a .PNG file" time="0.0016" asserts="0" success="True" result="Success" executed="True" />
                </results>
              </test-suite>
              <test-suite type="TestFixture" name="Image dimension tests.Image dimensions should be valid" executed="True" result="Success" success="True" time="0.0104" asserts="0" description="Image dimension tests.Image dimensions should be valid">
                <results>
                  <test-case description=" should match height and width" name="Image dimension tests.Image dimensions should be valid. should match height and width" time="0.0016" asserts="0" success="True" result="Success" executed="True" />
                  <test-case description=" height should be 246 pixels or more" name="Image dimension tests.Image dimensions should be valid. height should be 246 pixels or more" time="0.0015" asserts="0" success="True" result="Success" executed="True" />
                  <test-case description=" width should be 246 pixels or more" name="Image dimension tests.Image dimensions should be valid. width should be 246 pixels or more" time="0.0015" asserts="0" success="True" result="Success" executed="True" />
                </results>
              </test-suite>
            </results>
          </test-suite>
          <test-suite type="TestFixture" name="Image dimension tests" executed="True" result="Success" success="True" time="5.4632" asserts="0" description="Image dimension tests">
            <results>
              <test-suite type="TestFixture" name="Image dimension tests.Validate VLC.png type" executed="True" result="Success" success="True" time="0.0039" asserts="0" description="Image dimension tests.Validate VLC.png type">
                <results>
                  <test-case description="VLC.png should be a .PNG file" name="Image dimension tests.Validate VLC.png type.VLC.png should be a .PNG file" time="0.0017" asserts="0" success="True" result="Success" executed="True" />
                </results>
              </test-suite>
              <test-suite type="TestFixture" name="Image dimension tests.Image dimensions should be valid" executed="True" result="Success" success="True" time="0.0106" asserts="0" description="Image dimension tests.Image dimensions should be valid">
                <results>
                  <test-case description=" should match height and width" name="Image dimension tests.Image dimensions should be valid. should match height and width" time="0.0016" asserts="0" success="True" result="Success" executed="True" />
                  <test-case description=" height should be 246 pixels or more" name="Image dimension tests.Image dimensions should be valid. height should be 246 pixels or more" time="0.0015" asserts="0" success="True" result="Success" executed="True" />
                  <test-case description=" width should be 246 pixels or more" name="Image dimension tests.Image dimensions should be valid. width should be 246 pixels or more" time="0.0015" asserts="0" success="True" result="Success" executed="True" />
                </results>
              </test-suite>
            </results>
          </test-suite>
          <test-suite type="TestFixture" name="Image dimension tests" executed="True" result="Success" success="True" time="5.4906" asserts="0" description="Image dimension tests">
            <results>
              <test-suite type="TestFixture" name="Image dimension tests.Validate Whatsapp-macOS.png type" executed="True" result="Success" success="True" time="0.0063" asserts="0" description="Image dimension tests.Validate Whatsapp-macOS.png type">
                <results>
                  <test-case description="Whatsapp-macOS.png should be a .PNG file" name="Image dimension tests.Validate Whatsapp-macOS.png type.Whatsapp-macOS.png should be a .PNG file" time="0.0017" asserts="0" success="True" result="Success" executed="True" />
                </results>
              </test-suite>
              <test-suite type="TestFixture" name="Image dimension tests.Image dimensions should be valid" executed="True" result="Success" success="True" time="0.0132" asserts="0" description="Image dimension tests.Image dimensions should be valid">
                <results>
                  <test-case description=" should match height and width" name="Image dimension tests.Image dimensions should be valid. should match height and width" time="0.0016" asserts="0" success="True" result="Success" executed="True" />
                  <test-case description=" height should be 246 pixels or more" name="Image dimension tests.Image dimensions should be valid. height should be 246 pixels or more" time="0.0015" asserts="0" success="True" result="Success" executed="True" />
                  <test-case description=" width should be 246 pixels or more" name="Image dimension tests.Image dimensions should be valid. width should be 246 pixels or more" time="0.0015" asserts="0" success="True" result="Success" executed="True" />
                </results>
              </test-suite>
            </results>
          </test-suite>
          <test-suite type="TestFixture" name="Image dimension tests" executed="True" result="Success" success="True" time="5.513" asserts="0" description="Image dimension tests">
            <results>
              <test-suite type="TestFixture" name="Image dimension tests.Validate Whatsapp.png type" executed="True" result="Success" success="True" time="0.0038" asserts="0" description="Image dimension tests.Validate Whatsapp.png type">
                <results>
                  <test-case description="Whatsapp.png should be a .PNG file" name="Image dimension tests.Validate Whatsapp.png type.Whatsapp.png should be a .PNG file" time="0.0016" asserts="0" success="True" result="Success" executed="True" />
                </results>
              </test-suite>
              <test-suite type="TestFixture" name="Image dimension tests.Image dimensions should be valid" executed="True" result="Success" success="True" time="0.0106" asserts="0" description="Image dimension tests.Image dimensions should be valid">
                <results>
                  <test-case description=" should match height and width" name="Image dimension tests.Image dimensions should be valid. should match height and width" time="0.0016" asserts="0" success="True" result="Success" executed="True" />
                  <test-case description=" height should be 246 pixels or more" name="Image dimension tests.Image dimensions should be valid. height should be 246 pixels or more" time="0.0015" asserts="0" success="True" result="Success" executed="True" />
                  <test-case description=" width should be 246 pixels or more" name="Image dimension tests.Image dimensions should be valid. width should be 246 pixels or more" time="0.0015" asserts="0" success="True" result="Success" executed="True" />
                </results>
              </test-suite>
            </results>
          </test-suite>
          <test-suite type="TestFixture" name="Image dimension tests" executed="True" result="Success" success="True" time="5.5423" asserts="0" description="Image dimension tests">
            <results>
              <test-suite type="TestFixture" name="Image dimension tests.Validate WinZip.png type" executed="True" result="Success" success="True" time="0.0044" asserts="0" description="Image dimension tests.Validate WinZip.png type">
                <results>
                  <test-case description="WinZip.png should be a .PNG file" name="Image dimension tests.Validate WinZip.png type.WinZip.png should be a .PNG file" time="0.0019" asserts="0" success="True" result="Success" executed="True" />
                </results>
              </test-suite>
              <test-suite type="TestFixture" name="Image dimension tests.Image dimensions should be valid" executed="True" result="Success" success="True" time="0.0114" asserts="0" description="Image dimension tests.Image dimensions should be valid">
                <results>
                  <test-case description=" should match height and width" name="Image dimension tests.Image dimensions should be valid. should match height and width" time="0.0017" asserts="0" success="True" result="Success" executed="True" />
                  <test-case description=" height should be 246 pixels or more" name="Image dimension tests.Image dimensions should be valid. height should be 246 pixels or more" time="0.0016" asserts="0" success="True" result="Success" executed="True" />
                  <test-case description=" width should be 246 pixels or more" name="Image dimension tests.Image dimensions should be valid. width should be 246 pixels or more" time="0.0015" asserts="0" success="True" result="Success" executed="True" />
                </results>
              </test-suite>
            </results>
          </test-suite>
          <test-suite type="TestFixture" name="Image dimension tests" executed="True" result="Success" success="True" time="5.5665" asserts="0" description="Image dimension tests">
            <results>
              <test-suite type="TestFixture" name="Image dimension tests.Validate Xink.png type" executed="True" result="Success" success="True" time="0.004" asserts="0" description="Image dimension tests.Validate Xink.png type">
                <results>
                  <test-case description="Xink.png should be a .PNG file" name="Image dimension tests.Validate Xink.png type.Xink.png should be a .PNG file" time="0.0017" asserts="0" success="True" result="Success" executed="True" />
                </results>
              </test-suite>
              <test-suite type="TestFixture" name="Image dimension tests.Image dimensions should be valid" executed="True" result="Success" success="True" time="0.0108" asserts="0" description="Image dimension tests.Image dimensions should be valid">
                <results>
                  <test-case description=" should match height and width" name="Image dimension tests.Image dimensions should be valid. should match height and width" time="0.0016" asserts="0" success="True" result="Success" executed="True" />
                  <test-case description=" height should be 246 pixels or more" name="Image dimension tests.Image dimensions should be valid. height should be 246 pixels or more" time="0.0015" asserts="0" success="True" result="Success" executed="True" />
                  <test-case description=" width should be 246 pixels or more" name="Image dimension tests.Image dimensions should be valid. width should be 246 pixels or more" time="0.0015" asserts="0" success="True" result="Success" executed="True" />
                </results>
              </test-suite>
            </results>
          </test-suite>
          <test-suite type="TestFixture" name="Image dimension tests" executed="True" result="Success" success="True" time="5.5898" asserts="0" description="Image dimension tests">
            <results>
              <test-suite type="TestFixture" name="Image dimension tests.Validate Xmind.png type" executed="True" result="Success" success="True" time="0.0039" asserts="0" description="Image dimension tests.Validate Xmind.png type">
                <results>
                  <test-case description="Xmind.png should be a .PNG file" name="Image dimension tests.Validate Xmind.png type.Xmind.png should be a .PNG file" time="0.0017" asserts="0" success="True" result="Success" executed="True" />
                </results>
              </test-suite>
              <test-suite type="TestFixture" name="Image dimension tests.Image dimensions should be valid" executed="True" result="Success" success="True" time="0.0108" asserts="0" description="Image dimension tests.Image dimensions should be valid">
                <results>
                  <test-case description=" should match height and width" name="Image dimension tests.Image dimensions should be valid. should match height and width" time="0.0016" asserts="0" success="True" result="Success" executed="True" />
                  <test-case description=" height should be 246 pixels or more" name="Image dimension tests.Image dimensions should be valid. height should be 246 pixels or more" time="0.0015" asserts="0" success="True" result="Success" executed="True" />
                  <test-case description=" width should be 246 pixels or more" name="Image dimension tests.Image dimensions should be valid. width should be 246 pixels or more" time="0.0015" asserts="0" success="True" result="Success" executed="True" />
                </results>
              </test-suite>
            </results>
          </test-suite>
          <test-suite type="TestFixture" name="Image dimension tests" executed="True" result="Success" success="True" time="5.6047" asserts="0" description="Image dimension tests">
            <results>
              <test-suite type="TestFixture" name="Image dimension tests.Validate Yubikey-Manager.png type" executed="True" result="Success" success="True" time="0.0039" asserts="0" description="Image dimension tests.Validate Yubikey-Manager.png type">
                <results>
                  <test-case description="Yubikey-Manager.png should be a .PNG file" name="Image dimension tests.Validate Yubikey-Manager.png type.Yubikey-Manager.png should be a .PNG file" time="0.0017" asserts="0" success="True" result="Success" executed="True" />
                </results>
              </test-suite>
              <test-suite type="TestFixture" name="Image dimension tests.Image dimensions should be valid" executed="True" result="Success" success="True" time="0.0106" asserts="0" description="Image dimension tests.Image dimensions should be valid">
                <results>
                  <test-case description=" should match height and width" name="Image dimension tests.Image dimensions should be valid. should match height and width" time="0.0016" asserts="0" success="True" result="Success" executed="True" />
                  <test-case description=" height should be 246 pixels or more" name="Image dimension tests.Image dimensions should be valid. height should be 246 pixels or more" time="0.0015" asserts="0" success="True" result="Success" executed="True" />
                  <test-case description=" width should be 246 pixels or more" name="Image dimension tests.Image dimensions should be valid. width should be 246 pixels or more" time="0.0015" asserts="0" success="True" result="Success" executed="True" />
                </results>
              </test-suite>
            </results>
          </test-suite>
          <test-suite type="TestFixture" name="Image dimension tests" executed="True" result="Success" success="True" time="5.6185" asserts="0" description="Image dimension tests">
            <results>
              <test-suite type="TestFixture" name="Image dimension tests.Validate Zoom.png type" executed="True" result="Success" success="True" time="0.0037" asserts="0" description="Image dimension tests.Validate Zoom.png type">
                <results>
                  <test-case description="Zoom.png should be a .PNG file" name="Image dimension tests.Validate Zoom.png type.Zoom.png should be a .PNG file" time="0.0016" asserts="0" success="True" result="Success" executed="True" />
                </results>
              </test-suite>
              <test-suite type="TestFixture" name="Image dimension tests.Image dimensions should be valid" executed="True" result="Success" success="True" time="0.0104" asserts="0" description="Image dimension tests.Image dimensions should be valid">
                <results>
                  <test-case description=" should match height and width" name="Image dimension tests.Image dimensions should be valid. should match height and width" time="0.0015" asserts="0" success="True" result="Success" executed="True" />
                  <test-case description=" height should be 246 pixels or more" name="Image dimension tests.Image dimensions should be valid. height should be 246 pixels or more" time="0.0015" asserts="0" success="True" result="Success" executed="True" />
                  <test-case description=" width should be 246 pixels or more" name="Image dimension tests.Image dimensions should be valid. width should be 246 pixels or more" time="0.0015" asserts="0" success="True" result="Success" executed="True" />
                </results>
              </test-suite>
            </results>
          </test-suite>
          <test-suite type="TestFixture" name="Image dimension tests" executed="True" result="Success" success="True" time="5.632" asserts="0" description="Image dimension tests">
            <results>
              <test-suite type="TestFixture" name="Image dimension tests.Validate ZoomRooms.png type" executed="True" result="Success" success="True" time="0.0037" asserts="0" description="Image dimension tests.Validate ZoomRooms.png type">
                <results>
                  <test-case description="ZoomRooms.png should be a .PNG file" name="Image dimension tests.Validate ZoomRooms.png type.ZoomRooms.png should be a .PNG file" time="0.0016" asserts="0" success="True" result="Success" executed="True" />
                </results>
              </test-suite>
              <test-suite type="TestFixture" name="Image dimension tests.Image dimensions should be valid" executed="True" result="Success" success="True" time="0.0104" asserts="0" description="Image dimension tests.Image dimensions should be valid">
                <results>
                  <test-case description=" should match height and width" name="Image dimension tests.Image dimensions should be valid. should match height and width" time="0.0015" asserts="0" success="True" result="Success" executed="True" />
                  <test-case description=" height should be 246 pixels or more" name="Image dimension tests.Image dimensions should be valid. height should be 246 pixels or more" time="0.0015" asserts="0" success="True" result="Success" executed="True" />
                  <test-case description=" width should be 246 pixels or more" name="Image dimension tests.Image dimensions should be valid. width should be 246 pixels or more" time="0.0015" asserts="0" success="True" result="Success" executed="True" />
                </results>
              </test-suite>
            </results>
          </test-suite>
        </results>
      </test-suite>
    </results>
  </test-suite>
</test-results>