<?xml version="1.0" encoding="utf-8" standalone="no"?>
<test-results xmlns:xsi="http://www.w3.org/2001/XMLSchema-instance" xsi:noNamespaceSchemaLocation="nunit_schema_2.5.xsd" name="Pester" total="795" errors="0" failures="0" not-run="0" inconclusive="0" ignored="0" skipped="0" invalid="0" date="2022-10-26" time="05:10:38">
  <environment user-domain="fv-az365-503" os-version="10.0.20348" cwd="D:\a\icons\icons" clr-version="Unknown" user="runneradmin" nunit-version="2.5.8.0" machine-name="fv-az365-503" platform="Microsoft Windows Server 2022 Datacenter|C:\Windows|\Device\Harddisk0\Partition2" />
  <culture-info current-culture="en-US" current-uiculture="en-US" />
  <test-suite type="TestFixture" name="Pester" executed="True" result="Success" success="True" time="8.5898" asserts="0" description="Pester">
    <results>
      <test-suite type="TestFixture" name="D:\a\icons\icons\tests\Icon.Tests.ps1" executed="True" result="Success" success="True" time="8.5898" asserts="0" description="D:\a\icons\icons\tests\Icon.Tests.ps1">
        <results>
          <test-suite type="TestFixture" name="Image format tests" executed="True" result="Success" success="True" time="0.2123" asserts="0" description="Image format tests">
            <results>
              <test-suite type="TestFixture" name="Image format tests.Validate ." executed="True" result="Success" success="True" time="0.1906" asserts="0" description="Image format tests.Validate .">
                <results>
                  <test-case description="1Password.png should be a .PNG file" name="Image format tests.Validate ..1Password.png should be a .PNG file" time="0.1458" asserts="0" success="True" result="Success" executed="True" />
                </results>
              </test-suite>
            </results>
          </test-suite>
          <test-suite type="TestFixture" name="Image format tests" executed="True" result="Success" success="True" time="0.2279" asserts="0" description="Image format tests">
            <results>
              <test-suite type="TestFixture" name="Image format tests.Validate ." executed="True" result="Success" success="True" time="0.0103" asserts="0" description="Image format tests.Validate .">
                <results>
                  <test-case description="7-Zip.png should be a .PNG file" name="Image format tests.Validate ..7-Zip.png should be a .PNG file" time="0.0049" asserts="0" success="True" result="Success" executed="True" />
                </results>
              </test-suite>
            </results>
          </test-suite>
          <test-suite type="TestFixture" name="Image format tests" executed="True" result="Success" success="True" time="0.2432" asserts="0" description="Image format tests">
            <results>
              <test-suite type="TestFixture" name="Image format tests.Validate ." executed="True" result="Success" success="True" time="0.0101" asserts="0" description="Image format tests.Validate .">
                <results>
                  <test-case description="Adobe-AcrobatReader.png should be a .PNG file" name="Image format tests.Validate ..Adobe-AcrobatReader.png should be a .PNG file" time="0.005" asserts="0" success="True" result="Success" executed="True" />
                </results>
              </test-suite>
            </results>
          </test-suite>
          <test-suite type="TestFixture" name="Image format tests" executed="True" result="Success" success="True" time="0.2857" asserts="0" description="Image format tests">
            <results>
              <test-suite type="TestFixture" name="Image format tests.Validate ." executed="True" result="Success" success="True" time="0.0372" asserts="0" description="Image format tests.Validate .">
                <results>
                  <test-case description="Adobe-AcrobatReader2.png should be a .PNG file" name="Image format tests.Validate ..Adobe-AcrobatReader2.png should be a .PNG file" time="0.0056" asserts="0" success="True" result="Success" executed="True" />
                </results>
              </test-suite>
            </results>
          </test-suite>
          <test-suite type="TestFixture" name="Image format tests" executed="True" result="Success" success="True" time="0.3008" asserts="0" description="Image format tests">
            <results>
              <test-suite type="TestFixture" name="Image format tests.Validate ." executed="True" result="Success" success="True" time="0.01" asserts="0" description="Image format tests.Validate .">
                <results>
                  <test-case description="Adobe-AcrobatUpdate.png should be a .PNG file" name="Image format tests.Validate ..Adobe-AcrobatUpdate.png should be a .PNG file" time="0.0049" asserts="0" success="True" result="Success" executed="True" />
                </results>
              </test-suite>
            </results>
          </test-suite>
          <test-suite type="TestFixture" name="Image format tests" executed="True" result="Success" success="True" time="0.3169" asserts="0" description="Image format tests">
            <results>
              <test-suite type="TestFixture" name="Image format tests.Validate ." executed="True" result="Success" success="True" time="0.0113" asserts="0" description="Image format tests.Validate .">
                <results>
                  <test-case description="Apple-iTunes.png should be a .PNG file" name="Image format tests.Validate ..Apple-iTunes.png should be a .PNG file" time="0.0062" asserts="0" success="True" result="Success" executed="True" />
                </results>
              </test-suite>
            </results>
          </test-suite>
          <test-suite type="TestFixture" name="Image format tests" executed="True" result="Success" success="True" time="0.3314" asserts="0" description="Image format tests">
            <results>
              <test-suite type="TestFixture" name="Image format tests.Validate ." executed="True" result="Success" success="True" time="0.0097" asserts="0" description="Image format tests.Validate .">
                <results>
                  <test-case description="Apple-MobileDeviceSupport.png should be a .PNG file" name="Image format tests.Validate ..Apple-MobileDeviceSupport.png should be a .PNG file" time="0.0046" asserts="0" success="True" result="Success" executed="True" />
                </results>
              </test-suite>
            </results>
          </test-suite>
          <test-suite type="TestFixture" name="Image format tests" executed="True" result="Success" success="True" time="0.3461" asserts="0" description="Image format tests">
            <results>
              <test-suite type="TestFixture" name="Image format tests.Validate ." executed="True" result="Success" success="True" time="0.0097" asserts="0" description="Image format tests.Validate .">
                <results>
                  <test-case description="Audacity.png should be a .PNG file" name="Image format tests.Validate ..Audacity.png should be a .PNG file" time="0.0046" asserts="0" success="True" result="Success" executed="True" />
                </results>
              </test-suite>
            </results>
          </test-suite>
          <test-suite type="TestFixture" name="Image format tests" executed="True" result="Success" success="True" time="0.3613" asserts="0" description="Image format tests">
            <results>
              <test-suite type="TestFixture" name="Image format tests.Validate ." executed="True" result="Success" success="True" time="0.0102" asserts="0" description="Image format tests.Validate .">
                <results>
                  <test-case description="Bluejeans.png should be a .PNG file" name="Image format tests.Validate ..Bluejeans.png should be a .PNG file" time="0.0047" asserts="0" success="True" result="Success" executed="True" />
                </results>
              </test-suite>
            </results>
          </test-suite>
          <test-suite type="TestFixture" name="Image format tests" executed="True" result="Success" success="True" time="0.3759" asserts="0" description="Image format tests">
            <results>
              <test-suite type="TestFixture" name="Image format tests.Validate ." executed="True" result="Success" success="True" time="0.0096" asserts="0" description="Image format tests.Validate .">
                <results>
                  <test-case description="Brave-macOS.png should be a .PNG file" name="Image format tests.Validate ..Brave-macOS.png should be a .PNG file" time="0.0046" asserts="0" success="True" result="Success" executed="True" />
                </results>
              </test-suite>
            </results>
          </test-suite>
          <test-suite type="TestFixture" name="Image format tests" executed="True" result="Success" success="True" time="0.3901" asserts="0" description="Image format tests">
            <results>
              <test-suite type="TestFixture" name="Image format tests.Validate ." executed="True" result="Success" success="True" time="0.0094" asserts="0" description="Image format tests.Validate .">
                <results>
                  <test-case description="Brave.png should be a .PNG file" name="Image format tests.Validate ..Brave.png should be a .PNG file" time="0.0045" asserts="0" success="True" result="Success" executed="True" />
                </results>
              </test-suite>
            </results>
          </test-suite>
          <test-suite type="TestFixture" name="Image format tests" executed="True" result="Success" success="True" time="0.4106" asserts="0" description="Image format tests">
            <results>
              <test-suite type="TestFixture" name="Image format tests.Validate ." executed="True" result="Success" success="True" time="0.0157" asserts="0" description="Image format tests.Validate .">
                <results>
                  <test-case description="Cisco-WebEx.png should be a .PNG file" name="Image format tests.Validate ..Cisco-WebEx.png should be a .PNG file" time="0.0046" asserts="0" success="True" result="Success" executed="True" />
                </results>
              </test-suite>
            </results>
          </test-suite>
          <test-suite type="TestFixture" name="Image format tests" executed="True" result="Success" success="True" time="0.4255" asserts="0" description="Image format tests">
            <results>
              <test-suite type="TestFixture" name="Image format tests.Validate ." executed="True" result="Success" success="True" time="0.0102" asserts="0" description="Image format tests.Validate .">
                <results>
                  <test-case description="Citrix-Files.png should be a .PNG file" name="Image format tests.Validate ..Citrix-Files.png should be a .PNG file" time="0.0046" asserts="0" success="True" result="Success" executed="True" />
                </results>
              </test-suite>
            </results>
          </test-suite>
          <test-suite type="TestFixture" name="Image format tests" executed="True" result="Success" success="True" time="0.44" asserts="0" description="Image format tests">
            <results>
              <test-suite type="TestFixture" name="Image format tests.Validate ." executed="True" result="Success" success="True" time="0.0092" asserts="0" description="Image format tests.Validate .">
                <results>
                  <test-case description="Citrix-Reciever.png should be a .PNG file" name="Image format tests.Validate ..Citrix-Reciever.png should be a .PNG file" time="0.0044" asserts="0" success="True" result="Success" executed="True" />
                </results>
              </test-suite>
            </results>
          </test-suite>
          <test-suite type="TestFixture" name="Image format tests" executed="True" result="Success" success="True" time="0.4554" asserts="0" description="Image format tests">
            <results>
              <test-suite type="TestFixture" name="Image format tests.Validate ." executed="True" result="Success" success="True" time="0.0103" asserts="0" description="Image format tests.Validate .">
                <results>
                  <test-case description="Citrix-SecureHub.png should be a .PNG file" name="Image format tests.Validate ..Citrix-SecureHub.png should be a .PNG file" time="0.0047" asserts="0" success="True" result="Success" executed="True" />
                </results>
              </test-suite>
            </results>
          </test-suite>
          <test-suite type="TestFixture" name="Image format tests" executed="True" result="Success" success="True" time="0.6263" asserts="0" description="Image format tests">
            <results>
              <test-suite type="TestFixture" name="Image format tests.Validate ." executed="True" result="Success" success="True" time="0.0092" asserts="0" description="Image format tests.Validate .">
                <results>
                  <test-case description="Citrix-SecureMail.png should be a .PNG file" name="Image format tests.Validate ..Citrix-SecureMail.png should be a .PNG file" time="0.0044" asserts="0" success="True" result="Success" executed="True" />
                </results>
              </test-suite>
            </results>
          </test-suite>
          <test-suite type="TestFixture" name="Image format tests" executed="True" result="Success" success="True" time="0.6404" asserts="0" description="Image format tests">
            <results>
              <test-suite type="TestFixture" name="Image format tests.Validate ." executed="True" result="Success" success="True" time="0.0092" asserts="0" description="Image format tests.Validate .">
                <results>
                  <test-case description="Citrix-SecureWeb.png should be a .PNG file" name="Image format tests.Validate ..Citrix-SecureWeb.png should be a .PNG file" time="0.0045" asserts="0" success="True" result="Success" executed="True" />
                </results>
              </test-suite>
            </results>
          </test-suite>
          <test-suite type="TestFixture" name="Image format tests" executed="True" result="Success" success="True" time="0.6536" asserts="0" description="Image format tests">
            <results>
              <test-suite type="TestFixture" name="Image format tests.Validate ." executed="True" result="Success" success="True" time="0.0088" asserts="0" description="Image format tests.Validate .">
                <results>
                  <test-case description="Citrix-ShareFile.png should be a .PNG file" name="Image format tests.Validate ..Citrix-ShareFile.png should be a .PNG file" time="0.0043" asserts="0" success="True" result="Success" executed="True" />
                </results>
              </test-suite>
            </results>
          </test-suite>
          <test-suite type="TestFixture" name="Image format tests" executed="True" result="Success" success="True" time="0.695" asserts="0" description="Image format tests">
            <results>
              <test-suite type="TestFixture" name="Image format tests.Validate ." executed="True" result="Success" success="True" time="0.037" asserts="0" description="Image format tests.Validate .">
                <results>
                  <test-case description="Citrix-SSO.png should be a .PNG file" name="Image format tests.Validate ..Citrix-SSO.png should be a .PNG file" time="0.0323" asserts="0" success="True" result="Success" executed="True" />
                </results>
              </test-suite>
            </results>
          </test-suite>
          <test-suite type="TestFixture" name="Image format tests" executed="True" result="Success" success="True" time="0.7082" asserts="0" description="Image format tests">
            <results>
              <test-suite type="TestFixture" name="Image format tests.Validate ." executed="True" result="Success" success="True" time="0.0088" asserts="0" description="Image format tests.Validate .">
                <results>
                  <test-case description="Citrix-WorkflowsXenMobile.png should be a .PNG file" name="Image format tests.Validate ..Citrix-WorkflowsXenMobile.png should be a .PNG file" time="0.0043" asserts="0" success="True" result="Success" executed="True" />
                </results>
              </test-suite>
            </results>
          </test-suite>
          <test-suite type="TestFixture" name="Image format tests" executed="True" result="Success" success="True" time="0.7212" asserts="0" description="Image format tests">
            <results>
              <test-suite type="TestFixture" name="Image format tests.Validate ." executed="True" result="Success" success="True" time="0.0087" asserts="0" description="Image format tests.Validate .">
                <results>
                  <test-case description="Citrix-WorkspaceApp.png should be a .PNG file" name="Image format tests.Validate ..Citrix-WorkspaceApp.png should be a .PNG file" time="0.0042" asserts="0" success="True" result="Success" executed="True" />
                </results>
              </test-suite>
            </results>
          </test-suite>
          <test-suite type="TestFixture" name="Image format tests" executed="True" result="Success" success="True" time="0.7342" asserts="0" description="Image format tests">
            <results>
              <test-suite type="TestFixture" name="Image format tests.Validate ." executed="True" result="Success" success="True" time="0.0087" asserts="0" description="Image format tests.Validate .">
                <results>
                  <test-case description="Citrix-WorkspaceApp2.png should be a .PNG file" name="Image format tests.Validate ..Citrix-WorkspaceApp2.png should be a .PNG file" time="0.0042" asserts="0" success="True" result="Success" executed="True" />
                </results>
              </test-suite>
            </results>
          </test-suite>
          <test-suite type="TestFixture" name="Image format tests" executed="True" result="Success" success="True" time="0.7471" asserts="0" description="Image format tests">
            <results>
              <test-suite type="TestFixture" name="Image format tests.Validate ." executed="True" result="Success" success="True" time="0.0087" asserts="0" description="Image format tests.Validate .">
                <results>
                  <test-case description="ConnectWise-Control.png should be a .PNG file" name="Image format tests.Validate ..ConnectWise-Control.png should be a .PNG file" time="0.0042" asserts="0" success="True" result="Success" executed="True" />
                </results>
              </test-suite>
            </results>
          </test-suite>
          <test-suite type="TestFixture" name="Image format tests" executed="True" result="Success" success="True" time="0.7607" asserts="0" description="Image format tests">
            <results>
              <test-suite type="TestFixture" name="Image format tests.Validate ." executed="True" result="Success" success="True" time="0.0088" asserts="0" description="Image format tests.Validate .">
                <results>
                  <test-case description="ConnectWise-Manage.png should be a .PNG file" name="Image format tests.Validate ..ConnectWise-Manage.png should be a .PNG file" time="0.0043" asserts="0" success="True" result="Success" executed="True" />
                </results>
              </test-suite>
            </results>
          </test-suite>
          <test-suite type="TestFixture" name="Image format tests" executed="True" result="Success" success="True" time="0.7737" asserts="0" description="Image format tests">
            <results>
              <test-suite type="TestFixture" name="Image format tests.Validate ." executed="True" result="Success" success="True" time="0.0088" asserts="0" description="Image format tests.Validate .">
                <results>
                  <test-case description="Dropbox-Metro.png should be a .PNG file" name="Image format tests.Validate ..Dropbox-Metro.png should be a .PNG file" time="0.0043" asserts="0" success="True" result="Success" executed="True" />
                </results>
              </test-suite>
            </results>
          </test-suite>
          <test-suite type="TestFixture" name="Image format tests" executed="True" result="Success" success="True" time="0.7867" asserts="0" description="Image format tests">
            <results>
              <test-suite type="TestFixture" name="Image format tests.Validate ." executed="True" result="Success" success="True" time="0.0087" asserts="0" description="Image format tests.Validate .">
                <results>
                  <test-case description="Dropbox.png should be a .PNG file" name="Image format tests.Validate ..Dropbox.png should be a .PNG file" time="0.0043" asserts="0" success="True" result="Success" executed="True" />
                </results>
              </test-suite>
            </results>
          </test-suite>
          <test-suite type="TestFixture" name="Image format tests" executed="True" result="Success" success="True" time="0.7995" asserts="0" description="Image format tests">
            <results>
              <test-suite type="TestFixture" name="Image format tests.Validate ." executed="True" result="Success" success="True" time="0.0086" asserts="0" description="Image format tests.Validate .">
                <results>
                  <test-case description="Embrava-Connect.png should be a .PNG file" name="Image format tests.Validate ..Embrava-Connect.png should be a .PNG file" time="0.0042" asserts="0" success="True" result="Success" executed="True" />
                </results>
              </test-suite>
            </results>
          </test-suite>
          <test-suite type="TestFixture" name="Image format tests" executed="True" result="Success" success="True" time="0.8176" asserts="0" description="Image format tests">
            <results>
              <test-suite type="TestFixture" name="Image format tests.Validate ." executed="True" result="Success" success="True" time="0.0137" asserts="0" description="Image format tests.Validate .">
                <results>
                  <test-case description="Fork.png should be a .PNG file" name="Image format tests.Validate ..Fork.png should be a .PNG file" time="0.0046" asserts="0" success="True" result="Success" executed="True" />
                </results>
              </test-suite>
            </results>
          </test-suite>
          <test-suite type="TestFixture" name="Image format tests" executed="True" result="Success" success="True" time="0.8305" asserts="0" description="Image format tests">
            <results>
              <test-suite type="TestFixture" name="Image format tests.Validate ." executed="True" result="Success" success="True" time="0.0088" asserts="0" description="Image format tests.Validate .">
                <results>
                  <test-case description="FoxitReader.png should be a .PNG file" name="Image format tests.Validate ..FoxitReader.png should be a .PNG file" time="0.0042" asserts="0" success="True" result="Success" executed="True" />
                </results>
              </test-suite>
            </results>
          </test-suite>
          <test-suite type="TestFixture" name="Image format tests" executed="True" result="Success" success="True" time="0.8432" asserts="0" description="Image format tests">
            <results>
              <test-suite type="TestFixture" name="Image format tests.Validate ." executed="True" result="Success" success="True" time="0.0085" asserts="0" description="Image format tests.Validate .">
                <results>
                  <test-case description="Freshservice-Agent.png should be a .PNG file" name="Image format tests.Validate ..Freshservice-Agent.png should be a .PNG file" time="0.0042" asserts="0" success="True" result="Success" executed="True" />
                </results>
              </test-suite>
            </results>
          </test-suite>
          <test-suite type="TestFixture" name="Image format tests" executed="True" result="Success" success="True" time="0.8557" asserts="0" description="Image format tests">
            <results>
              <test-suite type="TestFixture" name="Image format tests.Validate ." executed="True" result="Success" success="True" time="0.0084" asserts="0" description="Image format tests.Validate .">
                <results>
                  <test-case description="General-Fonts.png should be a .PNG file" name="Image format tests.Validate ..General-Fonts.png should be a .PNG file" time="0.0042" asserts="0" success="True" result="Success" executed="True" />
                </results>
              </test-suite>
            </results>
          </test-suite>
          <test-suite type="TestFixture" name="Image format tests" executed="True" result="Success" success="True" time="0.8682" asserts="0" description="Image format tests">
            <results>
              <test-suite type="TestFixture" name="Image format tests.Validate ." executed="True" result="Success" success="True" time="0.0084" asserts="0" description="Image format tests.Validate .">
                <results>
                  <test-case description="Gimp.png should be a .PNG file" name="Image format tests.Validate ..Gimp.png should be a .PNG file" time="0.0041" asserts="0" success="True" result="Success" executed="True" />
                </results>
              </test-suite>
            </results>
          </test-suite>
          <test-suite type="TestFixture" name="Image format tests" executed="True" result="Success" success="True" time="0.8825" asserts="0" description="Image format tests">
            <results>
              <test-suite type="TestFixture" name="Image format tests.Validate ." executed="True" result="Success" success="True" time="0.0101" asserts="0" description="Image format tests.Validate .">
                <results>
                  <test-case description="GitForWindows.png should be a .PNG file" name="Image format tests.Validate ..GitForWindows.png should be a .PNG file" time="0.0058" asserts="0" success="True" result="Success" executed="True" />
                </results>
              </test-suite>
            </results>
          </test-suite>
          <test-suite type="TestFixture" name="Image format tests" executed="True" result="Success" success="True" time="0.8968" asserts="0" description="Image format tests">
            <results>
              <test-suite type="TestFixture" name="Image format tests.Validate ." executed="True" result="Success" success="True" time="0.0096" asserts="0" description="Image format tests.Validate .">
                <results>
                  <test-case description="GitHub-Desktop.png should be a .PNG file" name="Image format tests.Validate ..GitHub-Desktop.png should be a .PNG file" time="0.0043" asserts="0" success="True" result="Success" executed="True" />
                </results>
              </test-suite>
            </results>
          </test-suite>
          <test-suite type="TestFixture" name="Image format tests" executed="True" result="Success" success="True" time="0.9126" asserts="0" description="Image format tests">
            <results>
              <test-suite type="TestFixture" name="Image format tests.Validate ." executed="True" result="Success" success="True" time="0.0113" asserts="0" description="Image format tests.Validate .">
                <results>
                  <test-case description="GitHub-Desktop2.png should be a .PNG file" name="Image format tests.Validate ..GitHub-Desktop2.png should be a .PNG file" time="0.0063" asserts="0" success="True" result="Success" executed="True" />
                </results>
              </test-suite>
            </results>
          </test-suite>
          <test-suite type="TestFixture" name="Image format tests" executed="True" result="Success" success="True" time="0.9317" asserts="0" description="Image format tests">
            <results>
              <test-suite type="TestFixture" name="Image format tests.Validate ." executed="True" result="Success" success="True" time="0.0112" asserts="0" description="Image format tests.Validate .">
                <results>
                  <test-case description="Google-AndroidStudio.png should be a .PNG file" name="Image format tests.Validate ..Google-AndroidStudio.png should be a .PNG file" time="0.0069" asserts="0" success="True" result="Success" executed="True" />
                </results>
              </test-suite>
            </results>
          </test-suite>
          <test-suite type="TestFixture" name="Image format tests" executed="True" result="Success" success="True" time="0.9445" asserts="0" description="Image format tests">
            <results>
              <test-suite type="TestFixture" name="Image format tests.Validate ." executed="True" result="Success" success="True" time="0.0086" asserts="0" description="Image format tests.Validate .">
                <results>
                  <test-case description="Google-Chrome-macOS.png should be a .PNG file" name="Image format tests.Validate ..Google-Chrome-macOS.png should be a .PNG file" time="0.0044" asserts="0" success="True" result="Success" executed="True" />
                </results>
              </test-suite>
            </results>
          </test-suite>
          <test-suite type="TestFixture" name="Image format tests" executed="True" result="Success" success="True" time="0.9575" asserts="0" description="Image format tests">
            <results>
              <test-suite type="TestFixture" name="Image format tests.Validate ." executed="True" result="Success" success="True" time="0.0084" asserts="0" description="Image format tests.Validate .">
                <results>
                  <test-case description="Google-Chrome.png should be a .PNG file" name="Image format tests.Validate ..Google-Chrome.png should be a .PNG file" time="0.0042" asserts="0" success="True" result="Success" executed="True" />
                </results>
              </test-suite>
            </results>
          </test-suite>
          <test-suite type="TestFixture" name="Image format tests" executed="True" result="Success" success="True" time="0.97" asserts="0" description="Image format tests">
            <results>
              <test-suite type="TestFixture" name="Image format tests.Validate ." executed="True" result="Success" success="True" time="0.0084" asserts="0" description="Image format tests.Validate .">
                <results>
                  <test-case description="Gpg-Keychain-macOS.png should be a .PNG file" name="Image format tests.Validate ..Gpg-Keychain-macOS.png should be a .PNG file" time="0.0041" asserts="0" success="True" result="Success" executed="True" />
                </results>
              </test-suite>
            </results>
          </test-suite>
          <test-suite type="TestFixture" name="Image format tests" executed="True" result="Success" success="True" time="0.9822" asserts="0" description="Image format tests">
            <results>
              <test-suite type="TestFixture" name="Image format tests.Validate ." executed="True" result="Success" success="True" time="0.0082" asserts="0" description="Image format tests.Validate .">
                <results>
                  <test-case description="Greenshot.png should be a .PNG file" name="Image format tests.Validate ..Greenshot.png should be a .PNG file" time="0.004" asserts="0" success="True" result="Success" executed="True" />
                </results>
              </test-suite>
            </results>
          </test-suite>
          <test-suite type="TestFixture" name="Image format tests" executed="True" result="Success" success="True" time="0.9944" asserts="0" description="Image format tests">
            <results>
              <test-suite type="TestFixture" name="Image format tests.Validate ." executed="True" result="Success" success="True" time="0.0081" asserts="0" description="Image format tests.Validate .">
                <results>
                  <test-case description="HandBrake.png should be a .PNG file" name="Image format tests.Validate ..HandBrake.png should be a .PNG file" time="0.0039" asserts="0" success="True" result="Success" executed="True" />
                </results>
              </test-suite>
            </results>
          </test-suite>
          <test-suite type="TestFixture" name="Image format tests" executed="True" result="Success" success="True" time="1.0066" asserts="0" description="Image format tests">
            <results>
              <test-suite type="TestFixture" name="Image format tests.Validate ." executed="True" result="Success" success="True" time="0.0082" asserts="0" description="Image format tests.Validate .">
                <results>
                  <test-case description="Hyper.png should be a .PNG file" name="Image format tests.Validate ..Hyper.png should be a .PNG file" time="0.004" asserts="0" success="True" result="Success" executed="True" />
                </results>
              </test-suite>
            </results>
          </test-suite>
          <test-suite type="TestFixture" name="Image format tests" executed="True" result="Success" success="True" time="1.0194" asserts="0" description="Image format tests">
            <results>
              <test-suite type="TestFixture" name="Image format tests.Validate ." executed="True" result="Success" success="True" time="0.0083" asserts="0" description="Image format tests.Validate .">
                <results>
                  <test-case description="ImageGlass.png should be a .PNG file" name="Image format tests.Validate ..ImageGlass.png should be a .PNG file" time="0.0041" asserts="0" success="True" result="Success" executed="True" />
                </results>
              </test-suite>
            </results>
          </test-suite>
          <test-suite type="TestFixture" name="Image format tests" executed="True" result="Success" success="True" time="1.0641" asserts="0" description="Image format tests">
            <results>
              <test-suite type="TestFixture" name="Image format tests.Validate ." executed="True" result="Success" success="True" time="0.0082" asserts="0" description="Image format tests.Validate .">
                <results>
                  <test-case description="ImageOptim.png should be a .PNG file" name="Image format tests.Validate ..ImageOptim.png should be a .PNG file" time="0.004" asserts="0" success="True" result="Success" executed="True" />
                </results>
              </test-suite>
            </results>
          </test-suite>
          <test-suite type="TestFixture" name="Image format tests" executed="True" result="Success" success="True" time="1.0822" asserts="0" description="Image format tests">
            <results>
              <test-suite type="TestFixture" name="Image format tests.Validate ." executed="True" result="Success" success="True" time="0.0138" asserts="0" description="Image format tests.Validate .">
                <results>
                  <test-case description="Iterate-Cyberduck1.png should be a .PNG file" name="Image format tests.Validate ..Iterate-Cyberduck1.png should be a .PNG file" time="0.0043" asserts="0" success="True" result="Success" executed="True" />
                </results>
              </test-suite>
            </results>
          </test-suite>
          <test-suite type="TestFixture" name="Image format tests" executed="True" result="Success" success="True" time="1.0947" asserts="0" description="Image format tests">
            <results>
              <test-suite type="TestFixture" name="Image format tests.Validate ." executed="True" result="Success" success="True" time="0.0084" asserts="0" description="Image format tests.Validate .">
                <results>
                  <test-case description="Iterate-Cyberduck2.png should be a .PNG file" name="Image format tests.Validate ..Iterate-Cyberduck2.png should be a .PNG file" time="0.004" asserts="0" success="True" result="Success" executed="True" />
                </results>
              </test-suite>
            </results>
          </test-suite>
          <test-suite type="TestFixture" name="Image format tests" executed="True" result="Success" success="True" time="1.107" asserts="0" description="Image format tests">
            <results>
              <test-suite type="TestFixture" name="Image format tests.Validate ." executed="True" result="Success" success="True" time="0.0081" asserts="0" description="Image format tests.Validate .">
                <results>
                  <test-case description="Krisp.png should be a .PNG file" name="Image format tests.Validate ..Krisp.png should be a .PNG file" time="0.0039" asserts="0" success="True" result="Success" executed="True" />
                </results>
              </test-suite>
            </results>
          </test-suite>
          <test-suite type="TestFixture" name="Image format tests" executed="True" result="Success" success="True" time="1.1196" asserts="0" description="Image format tests">
            <results>
              <test-suite type="TestFixture" name="Image format tests.Validate ." executed="True" result="Success" success="True" time="0.0084" asserts="0" description="Image format tests.Validate .">
                <results>
                  <test-case description="LaserficheConnector.png should be a .PNG file" name="Image format tests.Validate ..LaserficheConnector.png should be a .PNG file" time="0.0041" asserts="0" success="True" result="Success" executed="True" />
                </results>
              </test-suite>
            </results>
          </test-suite>
          <test-suite type="TestFixture" name="Image format tests" executed="True" result="Success" success="True" time="1.1325" asserts="0" description="Image format tests">
            <results>
              <test-suite type="TestFixture" name="Image format tests.Validate ." executed="True" result="Success" success="True" time="0.0087" asserts="0" description="Image format tests.Validate .">
                <results>
                  <test-case description="Lenovo-Vantage.png should be a .PNG file" name="Image format tests.Validate ..Lenovo-Vantage.png should be a .PNG file" time="0.0039" asserts="0" success="True" result="Success" executed="True" />
                </results>
              </test-suite>
            </results>
          </test-suite>
          <test-suite type="TestFixture" name="Image format tests" executed="True" result="Success" success="True" time="1.1448" asserts="0" description="Image format tests">
            <results>
              <test-suite type="TestFixture" name="Image format tests.Validate ." executed="True" result="Success" success="True" time="0.0081" asserts="0" description="Image format tests.Validate .">
                <results>
                  <test-case description="Linux.png should be a .PNG file" name="Image format tests.Validate ..Linux.png should be a .PNG file" time="0.0039" asserts="0" success="True" result="Success" executed="True" />
                </results>
              </test-suite>
            </results>
          </test-suite>
          <test-suite type="TestFixture" name="Image format tests" executed="True" result="Success" success="True" time="1.1571" asserts="0" description="Image format tests">
            <results>
              <test-suite type="TestFixture" name="Image format tests.Validate ." executed="True" result="Success" success="True" time="0.0081" asserts="0" description="Image format tests.Validate .">
                <results>
                  <test-case description="MedicalDirector-Pracsoft.png should be a .PNG file" name="Image format tests.Validate ..MedicalDirector-Pracsoft.png should be a .PNG file" time="0.0038" asserts="0" success="True" result="Success" executed="True" />
                </results>
              </test-suite>
            </results>
          </test-suite>
          <test-suite type="TestFixture" name="Image format tests" executed="True" result="Success" success="True" time="1.1695" asserts="0" description="Image format tests">
            <results>
              <test-suite type="TestFixture" name="Image format tests.Validate ." executed="True" result="Success" success="True" time="0.0081" asserts="0" description="Image format tests.Validate .">
                <results>
                  <test-case description="Microsoft-Authenticator.png should be a .PNG file" name="Image format tests.Validate ..Microsoft-Authenticator.png should be a .PNG file" time="0.0038" asserts="0" success="True" result="Success" executed="True" />
                </results>
              </test-suite>
            </results>
          </test-suite>
          <test-suite type="TestFixture" name="Image format tests" executed="True" result="Success" success="True" time="1.1891" asserts="0" description="Image format tests">
            <results>
              <test-suite type="TestFixture" name="Image format tests.Validate ." executed="True" result="Success" success="True" time="0.0153" asserts="0" description="Image format tests.Validate .">
                <results>
                  <test-case description="Microsoft-Azure.png should be a .PNG file" name="Image format tests.Validate ..Microsoft-Azure.png should be a .PNG file" time="0.0106" asserts="0" success="True" result="Success" executed="True" />
                </results>
              </test-suite>
            </results>
          </test-suite>
          <test-suite type="TestFixture" name="Image format tests" executed="True" result="Success" success="True" time="1.2014" asserts="0" description="Image format tests">
            <results>
              <test-suite type="TestFixture" name="Image format tests.Validate ." executed="True" result="Success" success="True" time="0.0082" asserts="0" description="Image format tests.Validate .">
                <results>
                  <test-case description="Microsoft-AzureDataStudio.png should be a .PNG file" name="Image format tests.Validate ..Microsoft-AzureDataStudio.png should be a .PNG file" time="0.0039" asserts="0" success="True" result="Success" executed="True" />
                </results>
              </test-suite>
            </results>
          </test-suite>
          <test-suite type="TestFixture" name="Image format tests" executed="True" result="Success" success="True" time="1.2138" asserts="0" description="Image format tests">
            <results>
              <test-suite type="TestFixture" name="Image format tests.Validate ." executed="True" result="Success" success="True" time="0.0081" asserts="0" description="Image format tests.Validate .">
                <results>
                  <test-case description="Microsoft-AzureInformationProtection.png should be a .PNG file" name="Image format tests.Validate ..Microsoft-AzureInformationProtection.png should be a .PNG file" time="0.0038" asserts="0" success="True" result="Success" executed="True" />
                </results>
              </test-suite>
            </results>
          </test-suite>
          <test-suite type="TestFixture" name="Image format tests" executed="True" result="Success" success="True" time="1.2262" asserts="0" description="Image format tests">
            <results>
              <test-suite type="TestFixture" name="Image format tests.Validate ." executed="True" result="Success" success="True" time="0.0082" asserts="0" description="Image format tests.Validate .">
                <results>
                  <test-case description="Microsoft-Bookings.png should be a .PNG file" name="Image format tests.Validate ..Microsoft-Bookings.png should be a .PNG file" time="0.0038" asserts="0" success="True" result="Success" executed="True" />
                </results>
              </test-suite>
            </results>
          </test-suite>
          <test-suite type="TestFixture" name="Image format tests" executed="True" result="Success" success="True" time="1.2384" asserts="0" description="Image format tests">
            <results>
              <test-suite type="TestFixture" name="Image format tests.Validate ." executed="True" result="Success" success="True" time="0.0081" asserts="0" description="Image format tests.Validate .">
                <results>
                  <test-case description="Microsoft-Defender.png should be a .PNG file" name="Image format tests.Validate ..Microsoft-Defender.png should be a .PNG file" time="0.0039" asserts="0" success="True" result="Success" executed="True" />
                </results>
              </test-suite>
            </results>
          </test-suite>
          <test-suite type="TestFixture" name="Image format tests" executed="True" result="Success" success="True" time="1.2506" asserts="0" description="Image format tests">
            <results>
              <test-suite type="TestFixture" name="Image format tests.Validate ." executed="True" result="Success" success="True" time="0.008" asserts="0" description="Image format tests.Validate .">
                <results>
                  <test-case description="Microsoft-Delve.png should be a .PNG file" name="Image format tests.Validate ..Microsoft-Delve.png should be a .PNG file" time="0.0038" asserts="0" success="True" result="Success" executed="True" />
                </results>
              </test-suite>
            </results>
          </test-suite>
          <test-suite type="TestFixture" name="Image format tests" executed="True" result="Success" success="True" time="1.2627" asserts="0" description="Image format tests">
            <results>
              <test-suite type="TestFixture" name="Image format tests.Validate ." executed="True" result="Success" success="True" time="0.008" asserts="0" description="Image format tests.Validate .">
                <results>
                  <test-case description="Microsoft-Dynamics365.png should be a .PNG file" name="Image format tests.Validate ..Microsoft-Dynamics365.png should be a .PNG file" time="0.0038" asserts="0" success="True" result="Success" executed="True" />
                </results>
              </test-suite>
            </results>
          </test-suite>
          <test-suite type="TestFixture" name="Image format tests" executed="True" result="Success" success="True" time="1.2761" asserts="0" description="Image format tests">
            <results>
              <test-suite type="TestFixture" name="Image format tests.Validate ." executed="True" result="Success" success="True" time="0.0086" asserts="0" description="Image format tests.Validate .">
                <results>
                  <test-case description="Microsoft-DynamicsCRM.png should be a .PNG file" name="Image format tests.Validate ..Microsoft-DynamicsCRM.png should be a .PNG file" time="0.004" asserts="0" success="True" result="Success" executed="True" />
                </results>
              </test-suite>
            </results>
          </test-suite>
          <test-suite type="TestFixture" name="Image format tests" executed="True" result="Success" success="True" time="1.2896" asserts="0" description="Image format tests">
            <results>
              <test-suite type="TestFixture" name="Image format tests.Validate ." executed="True" result="Success" success="True" time="0.0087" asserts="0" description="Image format tests.Validate .">
                <results>
                  <test-case description="Microsoft-DynamicsNAV.png should be a .PNG file" name="Image format tests.Validate ..Microsoft-DynamicsNAV.png should be a .PNG file" time="0.0037" asserts="0" success="True" result="Success" executed="True" />
                </results>
              </test-suite>
            </results>
          </test-suite>
          <test-suite type="TestFixture" name="Image format tests" executed="True" result="Success" success="True" time="1.3049" asserts="0" description="Image format tests">
            <results>
              <test-suite type="TestFixture" name="Image format tests.Validate ." executed="True" result="Success" success="True" time="0.008" asserts="0" description="Image format tests.Validate .">
                <results>
                  <test-case description="Microsoft-Edge-Beta.png should be a .PNG file" name="Image format tests.Validate ..Microsoft-Edge-Beta.png should be a .PNG file" time="0.0038" asserts="0" success="True" result="Success" executed="True" />
                </results>
              </test-suite>
            </results>
          </test-suite>
          <test-suite type="TestFixture" name="Image format tests" executed="True" result="Success" success="True" time="1.3173" asserts="0" description="Image format tests">
            <results>
              <test-suite type="TestFixture" name="Image format tests.Validate ." executed="True" result="Success" success="True" time="0.008" asserts="0" description="Image format tests.Validate .">
                <results>
                  <test-case description="Microsoft-Edge-Canary-macOS.png should be a .PNG file" name="Image format tests.Validate ..Microsoft-Edge-Canary-macOS.png should be a .PNG file" time="0.0037" asserts="0" success="True" result="Success" executed="True" />
                </results>
              </test-suite>
            </results>
          </test-suite>
          <test-suite type="TestFixture" name="Image format tests" executed="True" result="Success" success="True" time="1.3319" asserts="0" description="Image format tests">
            <results>
              <test-suite type="TestFixture" name="Image format tests.Validate ." executed="True" result="Success" success="True" time="0.0089" asserts="0" description="Image format tests.Validate .">
                <results>
                  <test-case description="Microsoft-Edge-Canary.png should be a .PNG file" name="Image format tests.Validate ..Microsoft-Edge-Canary.png should be a .PNG file" time="0.0036" asserts="0" success="True" result="Success" executed="True" />
                </results>
              </test-suite>
            </results>
          </test-suite>
          <test-suite type="TestFixture" name="Image format tests" executed="True" result="Success" success="True" time="1.3451" asserts="0" description="Image format tests">
            <results>
              <test-suite type="TestFixture" name="Image format tests.Validate ." executed="True" result="Success" success="True" time="0.0079" asserts="0" description="Image format tests.Validate .">
                <results>
                  <test-case description="Microsoft-Edge-Dev.png should be a .PNG file" name="Image format tests.Validate ..Microsoft-Edge-Dev.png should be a .PNG file" time="0.0037" asserts="0" success="True" result="Success" executed="True" />
                </results>
              </test-suite>
            </results>
          </test-suite>
          <test-suite type="TestFixture" name="Image format tests" executed="True" result="Success" success="True" time="1.3571" asserts="0" description="Image format tests">
            <results>
              <test-suite type="TestFixture" name="Image format tests.Validate ." executed="True" result="Success" success="True" time="0.0079" asserts="0" description="Image format tests.Validate .">
                <results>
                  <test-case description="Microsoft-Edge.png should be a .PNG file" name="Image format tests.Validate ..Microsoft-Edge.png should be a .PNG file" time="0.0037" asserts="0" success="True" result="Success" executed="True" />
                </results>
              </test-suite>
            </results>
          </test-suite>
          <test-suite type="TestFixture" name="Image format tests" executed="True" result="Success" success="True" time="1.3691" asserts="0" description="Image format tests">
            <results>
              <test-suite type="TestFixture" name="Image format tests.Validate ." executed="True" result="Success" success="True" time="0.0079" asserts="0" description="Image format tests.Validate .">
                <results>
                  <test-case description="Microsoft-Excel-macOS.png should be a .PNG file" name="Image format tests.Validate ..Microsoft-Excel-macOS.png should be a .PNG file" time="0.0036" asserts="0" success="True" result="Success" executed="True" />
                </results>
              </test-suite>
            </results>
          </test-suite>
          <test-suite type="TestFixture" name="Image format tests" executed="True" result="Success" success="True" time="1.386" asserts="0" description="Image format tests">
            <results>
              <test-suite type="TestFixture" name="Image format tests.Validate ." executed="True" result="Success" success="True" time="0.0121" asserts="0" description="Image format tests.Validate .">
                <results>
                  <test-case description="Microsoft-Excel.png should be a .PNG file" name="Image format tests.Validate ..Microsoft-Excel.png should be a .PNG file" time="0.0062" asserts="0" success="True" result="Success" executed="True" />
                </results>
              </test-suite>
            </results>
          </test-suite>
          <test-suite type="TestFixture" name="Image format tests" executed="True" result="Success" success="True" time="1.3986" asserts="0" description="Image format tests">
            <results>
              <test-suite type="TestFixture" name="Image format tests.Validate ." executed="True" result="Success" success="True" time="0.0082" asserts="0" description="Image format tests.Validate .">
                <results>
                  <test-case description="Microsoft-FileExplorer-Old.png should be a .PNG file" name="Image format tests.Validate ..Microsoft-FileExplorer-Old.png should be a .PNG file" time="0.0037" asserts="0" success="True" result="Success" executed="True" />
                </results>
              </test-suite>
            </results>
          </test-suite>
          <test-suite type="TestFixture" name="Image format tests" executed="True" result="Success" success="True" time="1.4107" asserts="0" description="Image format tests">
            <results>
              <test-suite type="TestFixture" name="Image format tests.Validate ." executed="True" result="Success" success="True" time="0.0078" asserts="0" description="Image format tests.Validate .">
                <results>
                  <test-case description="Microsoft-FileExplorer.png should be a .PNG file" name="Image format tests.Validate ..Microsoft-FileExplorer.png should be a .PNG file" time="0.0036" asserts="0" success="True" result="Success" executed="True" />
                </results>
              </test-suite>
            </results>
          </test-suite>
          <test-suite type="TestFixture" name="Image format tests" executed="True" result="Success" success="True" time="1.423" asserts="0" description="Image format tests">
            <results>
              <test-suite type="TestFixture" name="Image format tests.Validate ." executed="True" result="Success" success="True" time="0.0082" asserts="0" description="Image format tests.Validate .">
                <results>
                  <test-case description="Microsoft-Flow.png should be a .PNG file" name="Image format tests.Validate ..Microsoft-Flow.png should be a .PNG file" time="0.0036" asserts="0" success="True" result="Success" executed="True" />
                </results>
              </test-suite>
            </results>
          </test-suite>
          <test-suite type="TestFixture" name="Image format tests" executed="True" result="Success" success="True" time="1.4486" asserts="0" description="Image format tests">
            <results>
              <test-suite type="TestFixture" name="Image format tests.Validate ." executed="True" result="Success" success="True" time="0.0215" asserts="0" description="Image format tests.Validate .">
                <results>
                  <test-case description="Microsoft-Games.png should be a .PNG file" name="Image format tests.Validate ..Microsoft-Games.png should be a .PNG file" time="0.0039" asserts="0" success="True" result="Success" executed="True" />
                </results>
              </test-suite>
            </results>
          </test-suite>
          <test-suite type="TestFixture" name="Image format tests" executed="True" result="Success" success="True" time="1.4607" asserts="0" description="Image format tests">
            <results>
              <test-suite type="TestFixture" name="Image format tests.Validate ." executed="True" result="Success" success="True" time="0.0077" asserts="0" description="Image format tests.Validate .">
                <results>
                  <test-case description="Microsoft-IntuneCompanyPortal.png should be a .PNG file" name="Image format tests.Validate ..Microsoft-IntuneCompanyPortal.png should be a .PNG file" time="0.0036" asserts="0" success="True" result="Success" executed="True" />
                </results>
              </test-suite>
            </results>
          </test-suite>
          <test-suite type="TestFixture" name="Image format tests" executed="True" result="Success" success="True" time="1.4727" asserts="0" description="Image format tests">
            <results>
              <test-suite type="TestFixture" name="Image format tests.Validate ." executed="True" result="Success" success="True" time="0.0079" asserts="0" description="Image format tests.Validate .">
                <results>
                  <test-case description="Microsoft-Kaizala.png should be a .PNG file" name="Image format tests.Validate ..Microsoft-Kaizala.png should be a .PNG file" time="0.0036" asserts="0" success="True" result="Success" executed="True" />
                </results>
              </test-suite>
            </results>
          </test-suite>
          <test-suite type="TestFixture" name="Image format tests" executed="True" result="Success" success="True" time="1.4847" asserts="0" description="Image format tests">
            <results>
              <test-suite type="TestFixture" name="Image format tests.Validate ." executed="True" result="Success" success="True" time="0.008" asserts="0" description="Image format tests.Validate .">
                <results>
                  <test-case description="Microsoft-ManagedBrowser.png should be a .PNG file" name="Image format tests.Validate ..Microsoft-ManagedBrowser.png should be a .PNG file" time="0.0037" asserts="0" success="True" result="Success" executed="True" />
                </results>
              </test-suite>
            </results>
          </test-suite>
          <test-suite type="TestFixture" name="Image format tests" executed="True" result="Success" success="True" time="1.4977" asserts="0" description="Image format tests">
            <results>
              <test-suite type="TestFixture" name="Image format tests.Validate ." executed="True" result="Success" success="True" time="0.0086" asserts="0" description="Image format tests.Validate .">
                <results>
                  <test-case description="Microsoft-MyApps.png should be a .PNG file" name="Image format tests.Validate ..Microsoft-MyApps.png should be a .PNG file" time="0.0044" asserts="0" success="True" result="Success" executed="True" />
                </results>
              </test-suite>
            </results>
          </test-suite>
          <test-suite type="TestFixture" name="Image format tests" executed="True" result="Success" success="True" time="1.5099" asserts="0" description="Image format tests">
            <results>
              <test-suite type="TestFixture" name="Image format tests.Validate ." executed="True" result="Success" success="True" time="0.0078" asserts="0" description="Image format tests.Validate .">
                <results>
                  <test-case description="Microsoft-NET.png should be a .PNG file" name="Image format tests.Validate ..Microsoft-NET.png should be a .PNG file" time="0.0036" asserts="0" success="True" result="Success" executed="True" />
                </results>
              </test-suite>
            </results>
          </test-suite>
          <test-suite type="TestFixture" name="Image format tests" executed="True" result="Success" success="True" time="1.5216" asserts="0" description="Image format tests">
            <results>
              <test-suite type="TestFixture" name="Image format tests.Validate ." executed="True" result="Success" success="True" time="0.0077" asserts="0" description="Image format tests.Validate .">
                <results>
                  <test-case description="Microsoft-Office-Lens.png should be a .PNG file" name="Image format tests.Validate ..Microsoft-Office-Lens.png should be a .PNG file" time="0.0036" asserts="0" success="True" result="Success" executed="True" />
                </results>
              </test-suite>
            </results>
          </test-suite>
          <test-suite type="TestFixture" name="Image format tests" executed="True" result="Success" success="True" time="1.5334" asserts="0" description="Image format tests">
            <results>
              <test-suite type="TestFixture" name="Image format tests.Validate ." executed="True" result="Success" success="True" time="0.0077" asserts="0" description="Image format tests.Validate .">
                <results>
                  <test-case description="Microsoft-Office.png should be a .PNG file" name="Image format tests.Validate ..Microsoft-Office.png should be a .PNG file" time="0.0035" asserts="0" success="True" result="Success" executed="True" />
                </results>
              </test-suite>
            </results>
          </test-suite>
          <test-suite type="TestFixture" name="Image format tests" executed="True" result="Success" success="True" time="1.5452" asserts="0" description="Image format tests">
            <results>
              <test-suite type="TestFixture" name="Image format tests.Validate ." executed="True" result="Success" success="True" time="0.0077" asserts="0" description="Image format tests.Validate .">
                <results>
                  <test-case description="Microsoft-OfficeDelve.png should be a .PNG file" name="Image format tests.Validate ..Microsoft-OfficeDelve.png should be a .PNG file" time="0.0036" asserts="0" success="True" result="Success" executed="True" />
                </results>
              </test-suite>
            </results>
          </test-suite>
          <test-suite type="TestFixture" name="Image format tests" executed="True" result="Success" success="True" time="1.5596" asserts="0" description="Image format tests">
            <results>
              <test-suite type="TestFixture" name="Image format tests.Validate ." executed="True" result="Success" success="True" time="0.0104" asserts="0" description="Image format tests.Validate .">
                <results>
                  <test-case description="Microsoft-OneDrive-macOS.png should be a .PNG file" name="Image format tests.Validate ..Microsoft-OneDrive-macOS.png should be a .PNG file" time="0.0035" asserts="0" success="True" result="Success" executed="True" />
                </results>
              </test-suite>
            </results>
          </test-suite>
          <test-suite type="TestFixture" name="Image format tests" executed="True" result="Success" success="True" time="1.5712" asserts="0" description="Image format tests">
            <results>
              <test-suite type="TestFixture" name="Image format tests.Validate ." executed="True" result="Success" success="True" time="0.0076" asserts="0" description="Image format tests.Validate .">
                <results>
                  <test-case description="Microsoft-OneDrive.png should be a .PNG file" name="Image format tests.Validate ..Microsoft-OneDrive.png should be a .PNG file" time="0.0035" asserts="0" success="True" result="Success" executed="True" />
                </results>
              </test-suite>
            </results>
          </test-suite>
          <test-suite type="TestFixture" name="Image format tests" executed="True" result="Success" success="True" time="1.5827" asserts="0" description="Image format tests">
            <results>
              <test-suite type="TestFixture" name="Image format tests.Validate ." executed="True" result="Success" success="True" time="0.0076" asserts="0" description="Image format tests.Validate .">
                <results>
                  <test-case description="Microsoft-OneNote-macOS.png should be a .PNG file" name="Image format tests.Validate ..Microsoft-OneNote-macOS.png should be a .PNG file" time="0.0035" asserts="0" success="True" result="Success" executed="True" />
                </results>
              </test-suite>
            </results>
          </test-suite>
          <test-suite type="TestFixture" name="Image format tests" executed="True" result="Success" success="True" time="1.5942" asserts="0" description="Image format tests">
            <results>
              <test-suite type="TestFixture" name="Image format tests.Validate ." executed="True" result="Success" success="True" time="0.0075" asserts="0" description="Image format tests.Validate .">
                <results>
                  <test-case description="Microsoft-OneNote-Metro.png should be a .PNG file" name="Image format tests.Validate ..Microsoft-OneNote-Metro.png should be a .PNG file" time="0.0035" asserts="0" success="True" result="Success" executed="True" />
                </results>
              </test-suite>
            </results>
          </test-suite>
          <test-suite type="TestFixture" name="Image format tests" executed="True" result="Success" success="True" time="1.6057" asserts="0" description="Image format tests">
            <results>
              <test-suite type="TestFixture" name="Image format tests.Validate ." executed="True" result="Success" success="True" time="0.0075" asserts="0" description="Image format tests.Validate .">
                <results>
                  <test-case description="Microsoft-OneNote.png should be a .PNG file" name="Image format tests.Validate ..Microsoft-OneNote.png should be a .PNG file" time="0.0035" asserts="0" success="True" result="Success" executed="True" />
                </results>
              </test-suite>
            </results>
          </test-suite>
          <test-suite type="TestFixture" name="Image format tests" executed="True" result="Success" success="True" time="1.6172" asserts="0" description="Image format tests">
            <results>
              <test-suite type="TestFixture" name="Image format tests.Validate ." executed="True" result="Success" success="True" time="0.0075" asserts="0" description="Image format tests.Validate .">
                <results>
                  <test-case description="Microsoft-Outlook-macOS.png should be a .PNG file" name="Image format tests.Validate ..Microsoft-Outlook-macOS.png should be a .PNG file" time="0.0035" asserts="0" success="True" result="Success" executed="True" />
                </results>
              </test-suite>
            </results>
          </test-suite>
          <test-suite type="TestFixture" name="Image format tests" executed="True" result="Success" success="True" time="1.6306" asserts="0" description="Image format tests">
            <results>
              <test-suite type="TestFixture" name="Image format tests.Validate ." executed="True" result="Success" success="True" time="0.0094" asserts="0" description="Image format tests.Validate .">
                <results>
                  <test-case description="Microsoft-Outlook.png should be a .PNG file" name="Image format tests.Validate ..Microsoft-Outlook.png should be a .PNG file" time="0.0044" asserts="0" success="True" result="Success" executed="True" />
                </results>
              </test-suite>
            </results>
          </test-suite>
          <test-suite type="TestFixture" name="Image format tests" executed="True" result="Success" success="True" time="1.6448" asserts="0" description="Image format tests">
            <results>
              <test-suite type="TestFixture" name="Image format tests.Validate ." executed="True" result="Success" success="True" time="0.0099" asserts="0" description="Image format tests.Validate .">
                <results>
                  <test-case description="Microsoft-Planner.png should be a .PNG file" name="Image format tests.Validate ..Microsoft-Planner.png should be a .PNG file" time="0.004" asserts="0" success="True" result="Success" executed="True" />
                </results>
              </test-suite>
            </results>
          </test-suite>
          <test-suite type="TestFixture" name="Image format tests" executed="True" result="Success" success="True" time="1.6566" asserts="0" description="Image format tests">
            <results>
              <test-suite type="TestFixture" name="Image format tests.Validate ." executed="True" result="Success" success="True" time="0.0078" asserts="0" description="Image format tests.Validate .">
                <results>
                  <test-case description="Microsoft-Powerapps.png should be a .PNG file" name="Image format tests.Validate ..Microsoft-Powerapps.png should be a .PNG file" time="0.0036" asserts="0" success="True" result="Success" executed="True" />
                </results>
              </test-suite>
            </results>
          </test-suite>
          <test-suite type="TestFixture" name="Image format tests" executed="True" result="Success" success="True" time="1.6683" asserts="0" description="Image format tests">
            <results>
              <test-suite type="TestFixture" name="Image format tests.Validate ." executed="True" result="Success" success="True" time="0.0077" asserts="0" description="Image format tests.Validate .">
                <results>
                  <test-case description="Microsoft-PowerAutomateDesktop.png should be a .PNG file" name="Image format tests.Validate ..Microsoft-PowerAutomateDesktop.png should be a .PNG file" time="0.0036" asserts="0" success="True" result="Success" executed="True" />
                </results>
              </test-suite>
            </results>
          </test-suite>
          <test-suite type="TestFixture" name="Image format tests" executed="True" result="Success" success="True" time="1.6834" asserts="0" description="Image format tests">
            <results>
              <test-suite type="TestFixture" name="Image format tests.Validate ." executed="True" result="Success" success="True" time="0.0089" asserts="0" description="Image format tests.Validate .">
                <results>
                  <test-case description="Microsoft-PowerBI.png should be a .PNG file" name="Image format tests.Validate ..Microsoft-PowerBI.png should be a .PNG file" time="0.0036" asserts="0" success="True" result="Success" executed="True" />
                </results>
              </test-suite>
            </results>
          </test-suite>
          <test-suite type="TestFixture" name="Image format tests" executed="True" result="Success" success="True" time="1.6952" asserts="0" description="Image format tests">
            <results>
              <test-suite type="TestFixture" name="Image format tests.Validate ." executed="True" result="Success" success="True" time="0.0078" asserts="0" description="Image format tests.Validate .">
                <results>
                  <test-case description="Microsoft-PowerPoint-macOS.png should be a .PNG file" name="Image format tests.Validate ..Microsoft-PowerPoint-macOS.png should be a .PNG file" time="0.0036" asserts="0" success="True" result="Success" executed="True" />
                </results>
              </test-suite>
            </results>
          </test-suite>
          <test-suite type="TestFixture" name="Image format tests" executed="True" result="Success" success="True" time="1.7068" asserts="0" description="Image format tests">
            <results>
              <test-suite type="TestFixture" name="Image format tests.Validate ." executed="True" result="Success" success="True" time="0.0077" asserts="0" description="Image format tests.Validate .">
                <results>
                  <test-case description="Microsoft-PowerPoint.png should be a .PNG file" name="Image format tests.Validate ..Microsoft-PowerPoint.png should be a .PNG file" time="0.0036" asserts="0" success="True" result="Success" executed="True" />
                </results>
              </test-suite>
            </results>
          </test-suite>
          <test-suite type="TestFixture" name="Image format tests" executed="True" result="Success" success="True" time="1.7183" asserts="0" description="Image format tests">
            <results>
              <test-suite type="TestFixture" name="Image format tests.Validate ." executed="True" result="Success" success="True" time="0.0075" asserts="0" description="Image format tests.Validate .">
                <results>
                  <test-case description="Microsoft-PowerShellCore.png should be a .PNG file" name="Image format tests.Validate ..Microsoft-PowerShellCore.png should be a .PNG file" time="0.0035" asserts="0" success="True" result="Success" executed="True" />
                </results>
              </test-suite>
            </results>
          </test-suite>
          <test-suite type="TestFixture" name="Image format tests" executed="True" result="Success" success="True" time="1.7298" asserts="0" description="Image format tests">
            <results>
              <test-suite type="TestFixture" name="Image format tests.Validate ." executed="True" result="Success" success="True" time="0.0075" asserts="0" description="Image format tests.Validate .">
                <results>
                  <test-case description="Microsoft-Project.png should be a .PNG file" name="Image format tests.Validate ..Microsoft-Project.png should be a .PNG file" time="0.0035" asserts="0" success="True" result="Success" executed="True" />
                </results>
              </test-suite>
            </results>
          </test-suite>
          <test-suite type="TestFixture" name="Image format tests" executed="True" result="Success" success="True" time="1.7413" asserts="0" description="Image format tests">
            <results>
              <test-suite type="TestFixture" name="Image format tests.Validate ." executed="True" result="Success" success="True" time="0.0075" asserts="0" description="Image format tests.Validate .">
                <results>
                  <test-case description="Microsoft-RemoteDesktop.png should be a .PNG file" name="Image format tests.Validate ..Microsoft-RemoteDesktop.png should be a .PNG file" time="0.0034" asserts="0" success="True" result="Success" executed="True" />
                </results>
              </test-suite>
            </results>
          </test-suite>
          <test-suite type="TestFixture" name="Image format tests" executed="True" result="Success" success="True" time="1.7526" asserts="0" description="Image format tests">
            <results>
              <test-suite type="TestFixture" name="Image format tests.Validate ." executed="True" result="Success" success="True" time="0.0075" asserts="0" description="Image format tests.Validate .">
                <results>
                  <test-case description="Microsoft-RemoteDesktop2.png should be a .PNG file" name="Image format tests.Validate ..Microsoft-RemoteDesktop2.png should be a .PNG file" time="0.0034" asserts="0" success="True" result="Success" executed="True" />
                </results>
              </test-suite>
            </results>
          </test-suite>
          <test-suite type="TestFixture" name="Image format tests" executed="True" result="Success" success="True" time="1.7639" asserts="0" description="Image format tests">
            <results>
              <test-suite type="TestFixture" name="Image format tests.Validate ." executed="True" result="Success" success="True" time="0.0074" asserts="0" description="Image format tests.Validate .">
                <results>
                  <test-case description="Microsoft-RemoteDesktop3.png should be a .PNG file" name="Image format tests.Validate ..Microsoft-RemoteDesktop3.png should be a .PNG file" time="0.0034" asserts="0" success="True" result="Success" executed="True" />
                </results>
              </test-suite>
            </results>
          </test-suite>
          <test-suite type="TestFixture" name="Image format tests" executed="True" result="Success" success="True" time="1.7751" asserts="0" description="Image format tests">
            <results>
              <test-suite type="TestFixture" name="Image format tests.Validate ." executed="True" result="Success" success="True" time="0.0074" asserts="0" description="Image format tests.Validate .">
                <results>
                  <test-case description="Microsoft-SharePoint.png should be a .PNG file" name="Image format tests.Validate ..Microsoft-SharePoint.png should be a .PNG file" time="0.0034" asserts="0" success="True" result="Success" executed="True" />
                </results>
              </test-suite>
            </results>
          </test-suite>
          <test-suite type="TestFixture" name="Image format tests" executed="True" result="Success" success="True" time="1.7909" asserts="0" description="Image format tests">
            <results>
              <test-suite type="TestFixture" name="Image format tests.Validate ." executed="True" result="Success" success="True" time="0.0119" asserts="0" description="Image format tests.Validate .">
                <results>
                  <test-case description="Microsoft-SSMS.png should be a .PNG file" name="Image format tests.Validate ..Microsoft-SSMS.png should be a .PNG file" time="0.0079" asserts="0" success="True" result="Success" executed="True" />
                </results>
              </test-suite>
            </results>
          </test-suite>
          <test-suite type="TestFixture" name="Image format tests" executed="True" result="Success" success="True" time="1.8025" asserts="0" description="Image format tests">
            <results>
              <test-suite type="TestFixture" name="Image format tests.Validate ." executed="True" result="Success" success="True" time="0.0077" asserts="0" description="Image format tests.Validate .">
                <results>
                  <test-case description="Microsoft-Staffhub.png should be a .PNG file" name="Image format tests.Validate ..Microsoft-Staffhub.png should be a .PNG file" time="0.0037" asserts="0" success="True" result="Success" executed="True" />
                </results>
              </test-suite>
            </results>
          </test-suite>
          <test-suite type="TestFixture" name="Image format tests" executed="True" result="Success" success="True" time="1.8139" asserts="0" description="Image format tests">
            <results>
              <test-suite type="TestFixture" name="Image format tests.Validate ." executed="True" result="Success" success="True" time="0.0075" asserts="0" description="Image format tests.Validate .">
                <results>
                  <test-case description="Microsoft-StickNotes.png should be a .PNG file" name="Image format tests.Validate ..Microsoft-StickNotes.png should be a .PNG file" time="0.0034" asserts="0" success="True" result="Success" executed="True" />
                </results>
              </test-suite>
            </results>
          </test-suite>
          <test-suite type="TestFixture" name="Image format tests" executed="True" result="Success" success="True" time="1.8251" asserts="0" description="Image format tests">
            <results>
[...]
                <results>
                  <test-case description=" should match height and width" name="Image dimension tests.Image dimensions should be valid. should match height and width" time="0.0019" asserts="0" success="True" result="Success" executed="True" />
                  <test-case description=" height should be 246 pixels or more" name="Image dimension tests.Image dimensions should be valid. height should be 246 pixels or more" time="0.0019" asserts="0" success="True" result="Success" executed="True" />
                  <test-case description=" width should be 246 pixels or more" name="Image dimension tests.Image dimensions should be valid. width should be 246 pixels or more" time="0.0019" asserts="0" success="True" result="Success" executed="True" />
                </results>
              </test-suite>
            </results>
          </test-suite>
          <test-suite type="TestFixture" name="Image dimension tests" executed="True" result="Success" success="True" time="6.6288" asserts="0" description="Image dimension tests">
            <results>
              <test-suite type="TestFixture" name="Image dimension tests.Validate Twitter.png type" executed="True" result="Success" success="True" time="0.0043" asserts="0" description="Image dimension tests.Validate Twitter.png type">
                <results>
                  <test-case description="Twitter.png should be a .PNG file" name="Image dimension tests.Validate Twitter.png type.Twitter.png should be a .PNG file" time="0.002" asserts="0" success="True" result="Success" executed="True" />
                </results>
              </test-suite>
              <test-suite type="TestFixture" name="Image dimension tests.Image dimensions should be valid" executed="True" result="Success" success="True" time="0.0121" asserts="0" description="Image dimension tests.Image dimensions should be valid">
                <results>
                  <test-case description=" should match height and width" name="Image dimension tests.Image dimensions should be valid. should match height and width" time="0.0019" asserts="0" success="True" result="Success" executed="True" />
                  <test-case description=" height should be 246 pixels or more" name="Image dimension tests.Image dimensions should be valid. height should be 246 pixels or more" time="0.0017" asserts="0" success="True" result="Success" executed="True" />
                  <test-case description=" width should be 246 pixels or more" name="Image dimension tests.Image dimensions should be valid. width should be 246 pixels or more" time="0.0017" asserts="0" success="True" result="Success" executed="True" />
                </results>
              </test-suite>
            </results>
          </test-suite>
          <test-suite type="TestFixture" name="Image dimension tests" executed="True" result="Success" success="True" time="6.6521" asserts="0" description="Image dimension tests">
            <results>
              <test-suite type="TestFixture" name="Image dimension tests.Validate VLC.png type" executed="True" result="Success" success="True" time="0.0046" asserts="0" description="Image dimension tests.Validate VLC.png type">
                <results>
                  <test-case description="VLC.png should be a .PNG file" name="Image dimension tests.Validate VLC.png type.VLC.png should be a .PNG file" time="0.002" asserts="0" success="True" result="Success" executed="True" />
                </results>
              </test-suite>
              <test-suite type="TestFixture" name="Image dimension tests.Image dimensions should be valid" executed="True" result="Success" success="True" time="0.013" asserts="0" description="Image dimension tests.Image dimensions should be valid">
                <results>
                  <test-case description=" should match height and width" name="Image dimension tests.Image dimensions should be valid. should match height and width" time="0.002" asserts="0" success="True" result="Success" executed="True" />
                  <test-case description=" height should be 246 pixels or more" name="Image dimension tests.Image dimensions should be valid. height should be 246 pixels or more" time="0.0018" asserts="0" success="True" result="Success" executed="True" />
                  <test-case description=" width should be 246 pixels or more" name="Image dimension tests.Image dimensions should be valid. width should be 246 pixels or more" time="0.002" asserts="0" success="True" result="Success" executed="True" />
                </results>
              </test-suite>
            </results>
          </test-suite>
          <test-suite type="TestFixture" name="Image dimension tests" executed="True" result="Success" success="True" time="6.6807" asserts="0" description="Image dimension tests">
            <results>
              <test-suite type="TestFixture" name="Image dimension tests.Validate Whatsapp-macOS.png type" executed="True" result="Success" success="True" time="0.0044" asserts="0" description="Image dimension tests.Validate Whatsapp-macOS.png type">
                <results>
                  <test-case description="Whatsapp-macOS.png should be a .PNG file" name="Image dimension tests.Validate Whatsapp-macOS.png type.Whatsapp-macOS.png should be a .PNG file" time="0.0021" asserts="0" success="True" result="Success" executed="True" />
                </results>
              </test-suite>
              <test-suite type="TestFixture" name="Image dimension tests.Image dimensions should be valid" executed="True" result="Success" success="True" time="0.0125" asserts="0" description="Image dimension tests.Image dimensions should be valid">
                <results>
                  <test-case description=" should match height and width" name="Image dimension tests.Image dimensions should be valid. should match height and width" time="0.002" asserts="0" success="True" result="Success" executed="True" />
                  <test-case description=" height should be 246 pixels or more" name="Image dimension tests.Image dimensions should be valid. height should be 246 pixels or more" time="0.0018" asserts="0" success="True" result="Success" executed="True" />
                  <test-case description=" width should be 246 pixels or more" name="Image dimension tests.Image dimensions should be valid. width should be 246 pixels or more" time="0.0018" asserts="0" success="True" result="Success" executed="True" />
                </results>
              </test-suite>
            </results>
          </test-suite>
          <test-suite type="TestFixture" name="Image dimension tests" executed="True" result="Success" success="True" time="6.711" asserts="0" description="Image dimension tests">
            <results>
              <test-suite type="TestFixture" name="Image dimension tests.Validate Whatsapp.png type" executed="True" result="Success" success="True" time="0.0052" asserts="0" description="Image dimension tests.Validate Whatsapp.png type">
                <results>
                  <test-case description="Whatsapp.png should be a .PNG file" name="Image dimension tests.Validate Whatsapp.png type.Whatsapp.png should be a .PNG file" time="0.0022" asserts="0" success="True" result="Success" executed="True" />
                </results>
              </test-suite>
              <test-suite type="TestFixture" name="Image dimension tests.Image dimensions should be valid" executed="True" result="Success" success="True" time="0.0154" asserts="0" description="Image dimension tests.Image dimensions should be valid">
                <results>
                  <test-case description=" should match height and width" name="Image dimension tests.Image dimensions should be valid. should match height and width" time="0.0018" asserts="0" success="True" result="Success" executed="True" />
                  <test-case description=" height should be 246 pixels or more" name="Image dimension tests.Image dimensions should be valid. height should be 246 pixels or more" time="0.0026" asserts="0" success="True" result="Success" executed="True" />
                  <test-case description=" width should be 246 pixels or more" name="Image dimension tests.Image dimensions should be valid. width should be 246 pixels or more" time="0.0032" asserts="0" success="True" result="Success" executed="True" />
                </results>
              </test-suite>
            </results>
          </test-suite>
          <test-suite type="TestFixture" name="Image dimension tests" executed="True" result="Success" success="True" time="6.7424" asserts="0" description="Image dimension tests">
            <results>
              <test-suite type="TestFixture" name="Image dimension tests.Validate WinZip.png type" executed="True" result="Success" success="True" time="0.0039" asserts="0" description="Image dimension tests.Validate WinZip.png type">
                <results>
                  <test-case description="WinZip.png should be a .PNG file" name="Image dimension tests.Validate WinZip.png type.WinZip.png should be a .PNG file" time="0.0017" asserts="0" success="True" result="Success" executed="True" />
                </results>
              </test-suite>
              <test-suite type="TestFixture" name="Image dimension tests.Image dimensions should be valid" executed="True" result="Success" success="True" time="0.0121" asserts="0" description="Image dimension tests.Image dimensions should be valid">
                <results>
                  <test-case description=" should match height and width" name="Image dimension tests.Image dimensions should be valid. should match height and width" time="0.002" asserts="0" success="True" result="Success" executed="True" />
                  <test-case description=" height should be 246 pixels or more" name="Image dimension tests.Image dimensions should be valid. height should be 246 pixels or more" time="0.0018" asserts="0" success="True" result="Success" executed="True" />
                  <test-case description=" width should be 246 pixels or more" name="Image dimension tests.Image dimensions should be valid. width should be 246 pixels or more" time="0.0019" asserts="0" success="True" result="Success" executed="True" />
                </results>
              </test-suite>
            </results>
          </test-suite>
          <test-suite type="TestFixture" name="Image dimension tests" executed="True" result="Success" success="True" time="6.7674" asserts="0" description="Image dimension tests">
            <results>
              <test-suite type="TestFixture" name="Image dimension tests.Validate Xink.png type" executed="True" result="Success" success="True" time="0.0048" asserts="0" description="Image dimension tests.Validate Xink.png type">
                <results>
                  <test-case description="Xink.png should be a .PNG file" name="Image dimension tests.Validate Xink.png type.Xink.png should be a .PNG file" time="0.0021" asserts="0" success="True" result="Success" executed="True" />
                </results>
              </test-suite>
              <test-suite type="TestFixture" name="Image dimension tests.Image dimensions should be valid" executed="True" result="Success" success="True" time="0.0119" asserts="0" description="Image dimension tests.Image dimensions should be valid">
                <results>
                  <test-case description=" should match height and width" name="Image dimension tests.Image dimensions should be valid. should match height and width" time="0.0016" asserts="0" success="True" result="Success" executed="True" />
                  <test-case description=" height should be 246 pixels or more" name="Image dimension tests.Image dimensions should be valid. height should be 246 pixels or more" time="0.0015" asserts="0" success="True" result="Success" executed="True" />
                  <test-case description=" width should be 246 pixels or more" name="Image dimension tests.Image dimensions should be valid. width should be 246 pixels or more" time="0.0018" asserts="0" success="True" result="Success" executed="True" />
                </results>
              </test-suite>
            </results>
          </test-suite>
          <test-suite type="TestFixture" name="Image dimension tests" executed="True" result="Success" success="True" time="6.7905" asserts="0" description="Image dimension tests">
            <results>
              <test-suite type="TestFixture" name="Image dimension tests.Validate Xmind.png type" executed="True" result="Success" success="True" time="0.0044" asserts="0" description="Image dimension tests.Validate Xmind.png type">
                <results>
                  <test-case description="Xmind.png should be a .PNG file" name="Image dimension tests.Validate Xmind.png type.Xmind.png should be a .PNG file" time="0.0019" asserts="0" success="True" result="Success" executed="True" />
                </results>
              </test-suite>
              <test-suite type="TestFixture" name="Image dimension tests.Image dimensions should be valid" executed="True" result="Success" success="True" time="0.0126" asserts="0" description="Image dimension tests.Image dimensions should be valid">
                <results>
                  <test-case description=" should match height and width" name="Image dimension tests.Image dimensions should be valid. should match height and width" time="0.0018" asserts="0" success="True" result="Success" executed="True" />
                  <test-case description=" height should be 246 pixels or more" name="Image dimension tests.Image dimensions should be valid. height should be 246 pixels or more" time="0.002" asserts="0" success="True" result="Success" executed="True" />
                  <test-case description=" width should be 246 pixels or more" name="Image dimension tests.Image dimensions should be valid. width should be 246 pixels or more" time="0.0019" asserts="0" success="True" result="Success" executed="True" />
                </results>
              </test-suite>
            </results>
          </test-suite>
          <test-suite type="TestFixture" name="Image dimension tests" executed="True" result="Success" success="True" time="6.8108" asserts="0" description="Image dimension tests">
            <results>
              <test-suite type="TestFixture" name="Image dimension tests.Validate Yubikey-Manager.png type" executed="True" result="Success" success="True" time="0.0079" asserts="0" description="Image dimension tests.Validate Yubikey-Manager.png type">
                <results>
                  <test-case description="Yubikey-Manager.png should be a .PNG file" name="Image dimension tests.Validate Yubikey-Manager.png type.Yubikey-Manager.png should be a .PNG file" time="0.0052" asserts="0" success="True" result="Success" executed="True" />
                </results>
              </test-suite>
              <test-suite type="TestFixture" name="Image dimension tests.Image dimensions should be valid" executed="True" result="Success" success="True" time="0.0159" asserts="0" description="Image dimension tests.Image dimensions should be valid">
                <results>
                  <test-case description=" should match height and width" name="Image dimension tests.Image dimensions should be valid. should match height and width" time="0.002" asserts="0" success="True" result="Success" executed="True" />
                  <test-case description=" height should be 246 pixels or more" name="Image dimension tests.Image dimensions should be valid. height should be 246 pixels or more" time="0.0018" asserts="0" success="True" result="Success" executed="True" />
                  <test-case description=" width should be 246 pixels or more" name="Image dimension tests.Image dimensions should be valid. width should be 246 pixels or more" time="0.0015" asserts="0" success="True" result="Success" executed="True" />
                </results>
              </test-suite>
            </results>
          </test-suite>
          <test-suite type="TestFixture" name="Image dimension tests" executed="True" result="Success" success="True" time="6.8275" asserts="0" description="Image dimension tests">
            <results>
              <test-suite type="TestFixture" name="Image dimension tests.Validate Zoom.png type" executed="True" result="Success" success="True" time="0.0046" asserts="0" description="Image dimension tests.Validate Zoom.png type">
                <results>
                  <test-case description="Zoom.png should be a .PNG file" name="Image dimension tests.Validate Zoom.png type.Zoom.png should be a .PNG file" time="0.0021" asserts="0" success="True" result="Success" executed="True" />
                </results>
              </test-suite>
              <test-suite type="TestFixture" name="Image dimension tests.Image dimensions should be valid" executed="True" result="Success" success="True" time="0.0128" asserts="0" description="Image dimension tests.Image dimensions should be valid">
                <results>
                  <test-case description=" should match height and width" name="Image dimension tests.Image dimensions should be valid. should match height and width" time="0.0018" asserts="0" success="True" result="Success" executed="True" />
                  <test-case description=" height should be 246 pixels or more" name="Image dimension tests.Image dimensions should be valid. height should be 246 pixels or more" time="0.002" asserts="0" success="True" result="Success" executed="True" />
                  <test-case description=" width should be 246 pixels or more" name="Image dimension tests.Image dimensions should be valid. width should be 246 pixels or more" time="0.0017" asserts="0" success="True" result="Success" executed="True" />
                </results>
              </test-suite>
            </results>
          </test-suite>
          <test-suite type="TestFixture" name="Image dimension tests" executed="True" result="Success" success="True" time="6.8473" asserts="0" description="Image dimension tests">
            <results>
              <test-suite type="TestFixture" name="Image dimension tests.Validate ZoomRooms.png type" executed="True" result="Success" success="True" time="0.0064" asserts="0" description="Image dimension tests.Validate ZoomRooms.png type">
                <results>
                  <test-case description="ZoomRooms.png should be a .PNG file" name="Image dimension tests.Validate ZoomRooms.png type.ZoomRooms.png should be a .PNG file" time="0.0028" asserts="0" success="True" result="Success" executed="True" />
                </results>
              </test-suite>
              <test-suite type="TestFixture" name="Image dimension tests.Image dimensions should be valid" executed="True" result="Success" success="True" time="0.0155" asserts="0" description="Image dimension tests.Image dimensions should be valid">
                <results>
                  <test-case description=" should match height and width" name="Image dimension tests.Image dimensions should be valid. should match height and width" time="0.0021" asserts="0" success="True" result="Success" executed="True" />
                  <test-case description=" height should be 246 pixels or more" name="Image dimension tests.Image dimensions should be valid. height should be 246 pixels or more" time="0.0018" asserts="0" success="True" result="Success" executed="True" />
                  <test-case description=" width should be 246 pixels or more" name="Image dimension tests.Image dimensions should be valid. width should be 246 pixels or more" time="0.0021" asserts="0" success="True" result="Success" executed="True" />
                </results>
              </test-suite>
            </results>
          </test-suite>
        </results>
      </test-suite>
    </results>
  </test-suite>
</test-results>